#
# There is insufficient memory for the Java Runtime Environment to continue.
# Native memory allocation (malloc) failed to allocate 1048576 bytes for AllocateHeap
# Possible reasons:
#   The system is out of physical RAM or swap space
#   The process is running with CompressedOops enabled, and the Java Heap may be blocking the growth of the native heap
# Possible solutions:
#   Reduce memory load on the system
#   Increase physical memory or swap space
#   Check if swap backing store is full
#   Decrease Java heap size (-Xmx/-Xms)
#   Decrease number of Java threads
#   Decrease Java thread stack sizes (-Xss)
#   Set larger code cache with -XX:ReservedCodeCacheSize=
#   JVM is running with Unscaled Compressed Oops mode in which the Java heap is
#     placed in the first 4GB address space. The Java Heap base address is the
#     maximum limit for the native heap growth. Please use -XX:HeapBaseMinAddress
#     to set the Java Heap base and to place the Java Heap above 4GB virtual address.
# This output file may be truncated or incomplete.
#
#  Out of Memory Error (./open/src/hotspot/share/memory/allocation.cpp:44), pid=3396, tid=1280
#
# JRE version:  (15.0.1+9) (build )
# Java VM: OpenJDK 64-Bit Server VM (15.0.1+9-18, mixed mode, sharing, tiered, compressed oops, g1 gc, windows-amd64)
# No core dump will be written. Minidumps are not enabled by default on client versions of Windows
#

---------------  S U M M A R Y ------------

Command Line: org.jetbrains.kotlin.cli.jvm.K2JVMCompiler @C:\Users\Nadya\IdeaProjects\homework_2.3\build\20210128_3994345978780323497.compiler.options

Host: Intel(R) Core(TM) i5-6200U CPU @ 2.30GHz, 4 cores, 3G,  Windows 10 , 64 bit Build 19041 (10.0.19041.662)
Time: Thu Jan 28 00:30:09 2021 RTZ 1 (зима) elapsed time: 0.022158 seconds (0d 0h 0m 0s)

---------------  T H R E A D  ---------------

Current thread (0x0000028904d5e320):  JavaThread "Unknown thread" [_thread_in_vm, id=1280, stack(0x000000a109e00000,0x000000a109f00000)]

Stack: [0x000000a109e00000,0x000000a109f00000]
Native frames: (J=compiled Java code, j=interpreted, Vv=VM code, C=native code)
V  [jvm.dll+0x62ae9a]
V  [jvm.dll+0x781389]
V  [jvm.dll+0x782ae3]
V  [jvm.dll+0x783143]
V  [jvm.dll+0x216265]
V  [jvm.dll+0x8eb72]
V  [jvm.dll+0x2a2824]
V  [jvm.dll+0x75e0cc]
V  [jvm.dll+0x3343e4]
V  [jvm.dll+0x73e826]
V  [jvm.dll+0x3b7777]
V  [jvm.dll+0x3b9201]
C  [jli.dll+0x52fb]
C  [ucrtbase.dll+0x214c2]
C  [KERNEL32.DLL+0x17034]
C  [ntdll.dll+0x4d0d1]


---------------  P R O C E S S  ---------------

Threads class SMR info:
_java_thread_list=0x00007ff8c84b4ff0, length=0, elements={
}

Java Threads: ( => current thread )

Other Threads:

=>0x0000028904d5e320 (exited) JavaThread "Unknown thread" [_thread_in_vm, id=1280, stack(0x000000a109e00000,0x000000a109f00000)]

Threads with active compile tasks:

VM state: not at safepoint (not fully initialized)

VM Mutex/Monitor currently owned by a thread: None

Heap address: 0x0000000000000000, size: 0 MB, Compressed Oops mode: 32-bit
CDS archive(s) mapped at: [0x0000000000000000-0x0000000000000000-0x0000000000000000), size 0, SharedBaseAddress: 0x0000000800000000, ArchiveRelocationMode: 0.
Narrow klass base: 0x0000000000000000, Narrow klass shift: 0, Narrow klass range: 0x0

GC Heap History (0 events):
No events

Deoptimization events (0 events):
No events

Classes unloaded (0 events):
No events

Classes redefined (0 events):
No events

Internal exceptions (0 events):
No events

Events (1 events):
Event: 0.015 Loaded shared library C:\Users\Nadya\.jdks\openjdk-15.0.1-2\bin\java.dll


Dynamic libraries:
0x00007ff69a510000 - 0x00007ff69a51d000 	C:\Users\Nadya\.jdks\openjdk-15.0.1-2\bin\java.exe
0x00007ff915bf0000 - 0x00007ff915de6000 	C:\Windows\SYSTEM32\ntdll.dll
0x00007ff915a80000 - 0x00007ff915b3d000 	C:\Windows\System32\KERNEL32.DLL
0x00007ff9137d0000 - 0x00007ff913a99000 	C:\Windows\System32\KERNELBASE.dll
0x00007ff913670000 - 0x00007ff913770000 	C:\Windows\System32\ucrtbase.dll
0x00007ff90ce70000 - 0x00007ff90ce88000 	C:\Users\Nadya\.jdks\openjdk-15.0.1-2\bin\jli.dll
0x00007ff90e730000 - 0x00007ff90e749000 	C:\Users\Nadya\.jdks\openjdk-15.0.1-2\bin\VCRUNTIME140.dll
0x00007ff914ab0000 - 0x00007ff914c50000 	C:\Windows\System32\USER32.dll
0x00007ff913aa0000 - 0x00007ff913ac2000 	C:\Windows\System32\win32u.dll
0x00007ff913f10000 - 0x00007ff913f3a000 	C:\Windows\System32\GDI32.dll
0x00007ff902370000 - 0x00007ff90260b000 	C:\Windows\WinSxS\amd64_microsoft.windows.common-controls_6595b64144ccf1df_6.0.19041.746_none_ca02b4b61b8320a4\COMCTL32.dll
0x00007ff913560000 - 0x00007ff91366b000 	C:\Windows\System32\gdi32full.dll
0x00007ff913db0000 - 0x00007ff913e4e000 	C:\Windows\System32\msvcrt.dll
0x00007ff913ad0000 - 0x00007ff913b6d000 	C:\Windows\System32\msvcp_win.dll
0x00007ff914a20000 - 0x00007ff914a50000 	C:\Windows\System32\IMM32.DLL
0x00007ff90bdc0000 - 0x00007ff90bdcc000 	C:\Users\Nadya\.jdks\openjdk-15.0.1-2\bin\vcruntime140_1.dll
0x00007ff902cd0000 - 0x00007ff902d61000 	C:\Users\Nadya\.jdks\openjdk-15.0.1-2\bin\msvcp140.dll
0x00007ff8c79f0000 - 0x00007ff8c854e000 	C:\Users\Nadya\.jdks\openjdk-15.0.1-2\bin\server\jvm.dll
0x00007ff913e60000 - 0x00007ff913f0c000 	C:\Windows\System32\ADVAPI32.dll
0x00007ff914230000 - 0x00007ff9142cc000 	C:\Windows\System32\sechost.dll
0x00007ff914f80000 - 0x00007ff9150ab000 	C:\Windows\System32\RPCRT4.dll
0x00007ff914f10000 - 0x00007ff914f18000 	C:\Windows\System32\PSAPI.DLL
0x00007ff908f40000 - 0x00007ff908f67000 	C:\Windows\SYSTEM32\WINMM.dll
0x00007ff900280000 - 0x00007ff900289000 	C:\Windows\SYSTEM32\WSOCK32.dll
0x00007ff90cda0000 - 0x00007ff90cdaa000 	C:\Windows\SYSTEM32\VERSION.dll
0x00007ff915b40000 - 0x00007ff915bab000 	C:\Windows\System32\WS2_32.dll
0x00007ff911c40000 - 0x00007ff911c52000 	C:\Windows\SYSTEM32\kernel.appcore.dll
0x00007ff90ba10000 - 0x00007ff90ba1a000 	C:\Users\Nadya\.jdks\openjdk-15.0.1-2\bin\jimage.dll
0x00007ff911920000 - 0x00007ff911b04000 	C:\Windows\SYSTEM32\DBGHELP.DLL
0x00007ff8fc280000 - 0x00007ff8fc2ac000 	C:\Windows\SYSTEM32\dbgcore.DLL
0x00007ff913380000 - 0x00007ff913400000 	C:\Windows\System32\bcryptPrimitives.dll
0x00007ff902ca0000 - 0x00007ff902cc5000 	C:\Users\Nadya\.jdks\openjdk-15.0.1-2\bin\java.dll

dbghelp: loaded successfully - version: 4.0.5 - missing functions: none
symbol engine: initialized successfully - sym options: 0x614 - pdb path: .;C:\Users\Nadya\.jdks\openjdk-15.0.1-2\bin;C:\Windows\SYSTEM32;C:\Windows\WinSxS\amd64_microsoft.windows.common-controls_6595b64144ccf1df_6.0.19041.746_none_ca02b4b61b8320a4;C:\Users\Nadya\.jdks\openjdk-15.0.1-2\bin\server

VM Arguments:
java_command: org.jetbrains.kotlin.cli.jvm.K2JVMCompiler @C:\Users\Nadya\IdeaProjects\homework_2.3\build\20210128_3994345978780323497.compiler.options
java_class_path (initial): C:\Users\Nadya\.gradle\caches\modules-2\files-2.1\org.jetbrains.kotlin\kotlin-compiler-embeddable\1.4.21\87db94500aaf883536ae8c8efdee76bdc839d582\kotlin-compiler-embeddable-1.4.21.jar;C:\Users\Nadya\.gradle\caches\modules-2\files-2.1\org.jetbrains.kotlin\kotlin-reflect\1.4.21\748f681f4e3edbe9285ff46710c79049c70f4dfa\kotlin-reflect-1.4.21.jar;C:\Users\Nadya\.gradle\caches\modules-2\files-2.1\org.jetbrains.kotlin\kotlin-stdlib\1.4.21\4a668382d7c38688d3490afde93b6a113ed46698\kotlin-stdlib-1.4.21.jar;C:\Users\Nadya\.gradle\caches\modules-2\files-2.1\org.jetbrains.kotlin\kotlin-script-runtime\1.4.21\1247decba314790165b4fe94d09c45b09db6b07f\kotlin-script-runtime-1.4.21.jar;C:\Users\Nadya\.gradle\caches\modules-2\files-2.1\org.jetbrains.kotlin\kotlin-daemon-embeddable\1.4.21\bc95bcebdc871d45d9852b0c01abe9bec373bb52\kotlin-daemon-embeddable-1.4.21.jar;C:\Users\Nadya\.gradle\caches\modules-2\files-2.1\org.jetbrains.intellij.deps\trove4j\1.0.20181211\216c2e14b070f334479d800987affe4054cd563f\trove4j-1.0.20181211.jar;C:\Users\Nadya\.gradle\caches\modules-2\files-2.1\org.jetbrains.kotlin\kotlin-stdlib-common\1.4.21\7f48a062aa4b53215998780f7c245a4276828e1d\kotlin-stdlib-common-1.4.21.jar;C:\Users\Nadya\.gradle\caches\modules-2\files-2.1\org.jetbrains\annotations\13.0\919f0dfe192fb4e063e7dacadee7f8bb9a2672a9\annotations-13.0.jar
Launcher Type: SUN_STANDARD

[Global flags]
     intx CICompilerCount                          = 3                                         {product} {ergonomic}
     uint ConcGCThreads                            = 1                                         {product} {ergonomic}
     uint G1ConcRefinementThreads                  = 4                                         {product} {ergonomic}
   size_t G1HeapRegionSize                         = 1048576                                   {product} {ergonomic}
    uintx GCDrainStackTargetSize                   = 64                                        {product} {ergonomic}
   size_t InitialHeapSize                          = 58720256                                  {product} {ergonomic}
   size_t MarkStackSize                            = 4194304                                   {product} {ergonomic}
   size_t MaxHeapSize                              = 922746880                                 {product} {ergonomic}
   size_t MinHeapDeltaBytes                        = 1048576                                   {product} {ergonomic}
   size_t MinHeapSize                              = 8388608                                   {product} {ergonomic}
    uintx NonNMethodCodeHeapSize                   = 5832780                                {pd product} {ergonomic}
    uintx NonProfiledCodeHeapSize                  = 122912730                              {pd product} {ergonomic}
    uintx ProfiledCodeHeapSize                     = 122912730                              {pd product} {ergonomic}
    uintx ReservedCodeCacheSize                    = 251658240                              {pd product} {ergonomic}
     bool SegmentedCodeCache                       = true                                      {product} {ergonomic}
   size_t SoftMaxHeapSize                          = 922746880                              {manageable} {ergonomic}
     bool UseCompressedClassPointers               = true                                 {lp64_product} {ergonomic}
     bool UseCompressedOops                        = true                                 {lp64_product} {ergonomic}
     bool UseG1GC                                  = true                                      {product} {ergonomic}
     bool UseLargePagesIndividualAllocation        = false                                  {pd product} {ergonomic}

Logging:
Log output configuration:
 #0: stdout all=warning uptime,level,tags
 #1: stderr all=off uptime,level,tags

Environment Variables:
PATH=C:\Program Files (x86)\Common Files\Oracle\Java\javapath;C:\ProgramData\Oracle\Java\javapath;C:\Windows\system32;C:\Windows;C:\Windows\System32\Wbem;C:\Windows\System32\WindowsPowerShell\v1.0\;C:\Windows\System32\OpenSSH\;C:\Program Files\Git\cmd;C:\Users\Nadya\AppData\Local\Microsoft\WindowsApps;C:\Program Files\JetBrains2\IntelliJ IDEA Community Edition 2020.2.3\bin;;C:\Gradle\gradle-6.8\bin;
USERNAME=Nadya
OS=Windows_NT
PROCESSOR_IDENTIFIER=Intel64 Family 6 Model 78 Stepping 3, GenuineIntel



---------------  S Y S T E M  ---------------

OS:
 Windows 10 , 64 bit Build 19041 (10.0.19041.662)
OS uptime: 0 days 5:34 hours

CPU: total 4 (initial active 4) (2 cores per cpu, 2 threads per core) family 6 model 78 stepping 3 microcode 0xcc, cmov, cx8, fxsr, mmx, sse, sse2, sse3, ssse3, sse4.1, sse4.2, popcnt, vzeroupper, avx, avx2, aes, clmul, erms, 3dnowpref, lzcnt, ht, tsc, tscinvbit, bmi1, bmi2, adx, fma, clflush, clflushopt

Memory: 4k page, system-wide physical 3512M (84M free)
TotalPageFile size 5560M (AvailPageFile size 5M)
current process WorkingSet (physical memory assigned to process): 9M, peak: 9M
current process commit charge ("private bytes"): 11M, peak: 12M

vm_info: OpenJDK 64-Bit Server VM (15.0.1+9-18) for windows-amd64 JRE (15.0.1+9-18), built on Sep 15 2020 14:39:31 by "mach5one" with unknown MS VC++:1925

END.
