#
# There is insufficient memory for the Java Runtime Environment to continue.
# Native memory allocation (malloc) failed to allocate 2152768 bytes for Chunk::new
# Possible reasons:
#   The system is out of physical RAM or swap space
#   The process is running with CompressedOops enabled, and the Java Heap may be blocking the growth of the native heap
# Possible solutions:
#   Reduce memory load on the system
#   Increase physical memory or swap space
#   Check if swap backing store is full
#   Decrease Java heap size (-Xmx/-Xms)
#   Decrease number of Java threads
#   Decrease Java thread stack sizes (-Xss)
#   Set larger code cache with -XX:ReservedCodeCacheSize=
#   JVM is running with Unscaled Compressed Oops mode in which the Java heap is
#     placed in the first 4GB address space. The Java Heap base address is the
#     maximum limit for the native heap growth. Please use -XX:HeapBaseMinAddress
#     to set the Java Heap base and to place the Java Heap above 4GB virtual address.
# This output file may be truncated or incomplete.
#
#  Out of Memory Error (./open/src/hotspot/share/memory/arena.cpp:195), pid=9356, tid=6124
#
# JRE version: OpenJDK Runtime Environment (15.0.1+9) (build 15.0.1+9-18)
# Java VM: OpenJDK 64-Bit Server VM (15.0.1+9-18, mixed mode, sharing, tiered, compressed oops, g1 gc, windows-amd64)
# No core dump will be written. Minidumps are not enabled by default on client versions of Windows
#

---------------  S U M M A R Y ------------

Command Line: --add-opens=java.base/java.util=ALL-UNNAMED --add-opens=java.base/java.lang=ALL-UNNAMED --add-opens=java.base/java.lang.invoke=ALL-UNNAMED --add-opens=java.prefs/java.util.prefs=ALL-UNNAMED -XX:MaxMetaspaceSize=256m -XX:+HeapDumpOnOutOfMemoryError -Xms256m -Xmx512m -Dfile.encoding=windows-1251 -Duser.country=RU -Duser.language=ru -Duser.variant org.gradle.launcher.daemon.bootstrap.GradleDaemon 6.7

Host: Intel(R) Core(TM) i5-6200U CPU @ 2.30GHz, 4 cores, 3G,  Windows 10 , 64 bit Build 19041 (10.0.19041.662)
Time: Thu Jan 28 00:25:46 2021 RTZ 1 (зима) elapsed time: 8.676915 seconds (0d 0h 0m 8s)

---------------  T H R E A D  ---------------

Current thread (0x000001b24d5b6ff0):  JavaThread "C2 CompilerThread0" daemon [_thread_in_native, id=6124, stack(0x000000291ed00000,0x000000291ee00000)]


Current CompileTask:
C2:   8677 3680       4       org.codehaus.groovy.reflection.CachedMethod::compareTo (25 bytes)

Stack: [0x000000291ed00000,0x000000291ee00000]
Native frames: (J=compiled Java code, j=interpreted, Vv=VM code, C=native code)
V  [jvm.dll+0x62ae9a]
V  [jvm.dll+0x781389]
V  [jvm.dll+0x782ae3]
V  [jvm.dll+0x783143]
V  [jvm.dll+0x216265]
V  [jvm.dll+0x97efa]
V  [jvm.dll+0x985dc]
V  [jvm.dll+0x32e525]
V  [jvm.dll+0x2f78aa]
V  [jvm.dll+0x2f6c6a]
V  [jvm.dll+0x1ea645]
V  [jvm.dll+0x1e98ae]
V  [jvm.dll+0x1784c7]
V  [jvm.dll+0x1f9165]
V  [jvm.dll+0x1f720c]
V  [jvm.dll+0x74485d]
V  [jvm.dll+0x73d65a]
V  [jvm.dll+0x629c56]
C  [ucrtbase.dll+0x214c2]
C  [KERNEL32.DLL+0x17034]
C  [ntdll.dll+0x4d0d1]


---------------  P R O C E S S  ---------------

Threads class SMR info:
_java_thread_list=0x000001b251eb8110, length=62, elements={
0x000001b230cc3dc0, 0x000001b24d58c620, 0x000001b24d58d8a0, 0x000001b24d5af4e0,
0x000001b24d5b0db0, 0x000001b24d5b1e10, 0x000001b24d5b6ff0, 0x000001b24d5bbda0,
0x000001b24d5c2d20, 0x000001b24dfff1f0, 0x000001b24e073bf0, 0x000001b24f09b080,
0x000001b24f466520, 0x000001b24fc4e050, 0x000001b24f4636f0, 0x000001b24f461ae0,
0x000001b24fc2de90, 0x000001b24fcbf4f0, 0x000001b24fcbf9c0, 0x000001b24f4bfa90,
0x000001b24fc7a250, 0x000001b24fc77230, 0x000001b24fc78a40, 0x000001b24fc78f10,
0x000001b2500aa6e0, 0x000001b2500acd60, 0x000001b2500aef10, 0x000001b2500a9d40,
0x000001b2500a8060, 0x000001b2500aba20, 0x000001b2500ac3c0, 0x000001b2500ac890,
0x000001b2500ae0a0, 0x000001b2500ae570, 0x000001b2500af8b0, 0x000001b2500aabb0,
0x000001b2500a8ed0, 0x000001b2500a93a0, 0x000001b2500aa210, 0x000001b251f49d20,
0x000001b251f46d00, 0x000001b251f4ab90, 0x000001b251f4d210, 0x000001b251f4b060,
0x000001b251f489e0, 0x000001b251f49850, 0x000001b251f4a1f0, 0x000001b251f48eb0,
0x000001b251f4c3a0, 0x000001b251f4a6c0, 0x000001b251f49380, 0x000001b251f4cd40,
0x000001b251f4c870, 0x000001b251f4b530, 0x000001b251f48040, 0x000001b251f4e080,
0x000001b251f48510, 0x000001b251f4ba00, 0x000001b251f471d0, 0x000001b251f4bed0,
0x000001b251f4d6e0, 0x000001b251f4dbb0
}

Java Threads: ( => current thread )
  0x000001b230cc3dc0 JavaThread "main" [_thread_blocked, id=1280, stack(0x000000291e100000,0x000000291e200000)]
  0x000001b24d58c620 JavaThread "Reference Handler" daemon [_thread_blocked, id=8272, stack(0x000000291e800000,0x000000291e900000)]
  0x000001b24d58d8a0 JavaThread "Finalizer" daemon [_thread_blocked, id=5180, stack(0x000000291e900000,0x000000291ea00000)]
  0x000001b24d5af4e0 JavaThread "Signal Dispatcher" daemon [_thread_blocked, id=7016, stack(0x000000291ea00000,0x000000291eb00000)]
  0x000001b24d5b0db0 JavaThread "Attach Listener" daemon [_thread_blocked, id=5968, stack(0x000000291eb00000,0x000000291ec00000)]
  0x000001b24d5b1e10 JavaThread "Service Thread" daemon [_thread_blocked, id=10032, stack(0x000000291ec00000,0x000000291ed00000)]
=>0x000001b24d5b6ff0 JavaThread "C2 CompilerThread0" daemon [_thread_in_native, id=6124, stack(0x000000291ed00000,0x000000291ee00000)]
  0x000001b24d5bbda0 JavaThread "C1 CompilerThread0" daemon [_thread_blocked, id=6408, stack(0x000000291ee00000,0x000000291ef00000)]
  0x000001b24d5c2d20 JavaThread "Sweeper thread" daemon [_thread_blocked, id=5632, stack(0x000000291ef00000,0x000000291f000000)]
  0x000001b24dfff1f0 JavaThread "Common-Cleaner" daemon [_thread_blocked, id=1092, stack(0x000000291f000000,0x000000291f100000)]
  0x000001b24e073bf0 JavaThread "Notification Thread" daemon [_thread_blocked, id=8896, stack(0x000000291f100000,0x000000291f200000)]
  0x000001b24f09b080 JavaThread "Daemon health stats" [_thread_blocked, id=4752, stack(0x000000291f600000,0x000000291f700000)]
  0x000001b24f466520 JavaThread "Incoming local TCP Connector on port 57334" [_thread_in_native, id=9392, stack(0x000000291f900000,0x000000291fa00000)]
  0x000001b24fc4e050 JavaThread "Daemon periodic checks" [_thread_blocked, id=1488, stack(0x000000291fa00000,0x000000291fb00000)]
  0x000001b24f4636f0 JavaThread "Daemon" [_thread_blocked, id=3560, stack(0x000000291fb00000,0x000000291fc00000)]
  0x000001b24f461ae0 JavaThread "Handler for socket connection from /127.0.0.1:57334 to /127.0.0.1:57335" [_thread_in_native, id=2724, stack(0x000000291fc00000,0x000000291fd00000)]
  0x000001b24fc2de90 JavaThread "Cancel handler" [_thread_blocked, id=8432, stack(0x000000291fd00000,0x000000291fe00000)]
  0x000001b24fcbf4f0 JavaThread "Daemon worker" [_thread_in_Java, id=8088, stack(0x000000291fe00000,0x000000291ff00000)]
  0x000001b24fcbf9c0 JavaThread "Asynchronous log dispatcher for DefaultDaemonConnection: socket connection from /127.0.0.1:57334 to /127.0.0.1:57335" [_thread_blocked, id=2672, stack(0x000000291ff00000,0x0000002920000000)]
  0x000001b24f4bfa90 JavaThread "Stdin handler" [_thread_blocked, id=8144, stack(0x0000002920000000,0x0000002920100000)]
  0x000001b24fc7a250 JavaThread "Thread-8" [_thread_blocked, id=9580, stack(0x0000002920100000,0x0000002920200000)]
  0x000001b24fc77230 JavaThread "Cache worker for file hash cache (C:\Users\Nadya\.gradle\caches\6.7\fileHashes)" [_thread_blocked, id=6216, stack(0x0000002920200000,0x0000002920300000)]
  0x000001b24fc78a40 JavaThread "File lock request listener" [_thread_in_native, id=9132, stack(0x0000002920300000,0x0000002920400000)]
  0x000001b24fc78f10 JavaThread "Cache worker for journal cache (C:\Users\Nadya\.gradle\caches\journal-1)" [_thread_blocked, id=8292, stack(0x0000002920400000,0x0000002920500000)]
  0x000001b2500aa6e0 JavaThread "Cache worker for file hash cache (C:\Users\Nadya\IdeaProjects\homework_2.3\.gradle\6.7\fileHashes)" [_thread_blocked, id=4244, stack(0x0000002920500000,0x0000002920600000)]
  0x000001b2500acd60 JavaThread "Cache worker for checksums cache (C:\Users\Nadya\IdeaProjects\homework_2.3\.gradle\checksums)" [_thread_blocked, id=2960, stack(0x0000002920600000,0x0000002920700000)]
  0x000001b2500aef10 JavaThread "Cache worker for cache directory md-supplier (C:\Users\Nadya\.gradle\caches\6.7\md-supplier)" [_thread_blocked, id=3692, stack(0x0000002920700000,0x0000002920800000)]
  0x000001b2500a9d40 JavaThread "Cache worker for cache directory md-rule (C:\Users\Nadya\.gradle\caches\6.7\md-rule)" [_thread_blocked, id=9376, stack(0x0000002920800000,0x0000002920900000)]
  0x000001b2500a8060 JavaThread "Cache worker for execution history cache (C:\Users\Nadya\.gradle\caches\6.7\executionHistory)" [_thread_blocked, id=2372, stack(0x0000002920900000,0x0000002920a00000)]
  0x000001b2500aba20 JavaThread "jar transforms" [_thread_blocked, id=5304, stack(0x0000002920a00000,0x0000002920b00000)]
  0x000001b2500ac3c0 JavaThread "Cache worker for file content cache (C:\Users\Nadya\.gradle\caches\6.7\fileContent)" [_thread_blocked, id=4296, stack(0x0000002920b00000,0x0000002920c00000)]
  0x000001b2500ac890 JavaThread "Cache worker for Build Output Cleanup Cache (C:\Users\Nadya\IdeaProjects\homework_2.3\.gradle\buildOutputCleanup)" [_thread_blocked, id=3396, stack(0x0000002920c00000,0x0000002920d00000)]
  0x000001b2500ae0a0 JavaThread "Build operations" [_thread_blocked, id=1368, stack(0x0000002920d00000,0x0000002920e00000)]
  0x000001b2500ae570 JavaThread "Build operations Thread 2" [_thread_blocked, id=10204, stack(0x0000002920e00000,0x0000002920f00000)]
  0x000001b2500af8b0 JavaThread "Build operations Thread 3" [_thread_blocked, id=8548, stack(0x0000002920f00000,0x0000002921000000)]
  0x000001b2500aabb0 JavaThread "Build operations Thread 4" [_thread_blocked, id=9424, stack(0x0000002921000000,0x0000002921100000)]
  0x000001b2500a8ed0 JavaThread "jar transforms Thread 2" [_thread_blocked, id=3872, stack(0x0000002921100000,0x0000002921200000)]
  0x000001b2500a93a0 JavaThread "jar transforms Thread 3" [_thread_blocked, id=140, stack(0x0000002921200000,0x0000002921300000)]
  0x000001b2500aa210 JavaThread "jar transforms Thread 4" [_thread_blocked, id=2368, stack(0x0000002921300000,0x0000002921400000)]
  0x000001b251f49d20 JavaThread "jar transforms Thread 5" [_thread_blocked, id=9808, stack(0x0000002921400000,0x0000002921500000)]
  0x000001b251f46d00 JavaThread "jar transforms Thread 6" [_thread_blocked, id=2152, stack(0x0000002921500000,0x0000002921600000)]
  0x000001b251f4ab90 JavaThread "jar transforms Thread 7" [_thread_blocked, id=9304, stack(0x0000002921600000,0x0000002921700000)]
  0x000001b251f4d210 JavaThread "jar transforms Thread 8" [_thread_blocked, id=1568, stack(0x0000002921700000,0x0000002921800000)]
  0x000001b251f4b060 JavaThread "jar transforms Thread 9" [_thread_blocked, id=9184, stack(0x0000002921800000,0x0000002921900000)]
  0x000001b251f489e0 JavaThread "jar transforms Thread 10" [_thread_blocked, id=4184, stack(0x0000002921900000,0x0000002921a00000)]
  0x000001b251f49850 JavaThread "jar transforms Thread 11" [_thread_blocked, id=9760, stack(0x0000002921a00000,0x0000002921b00000)]
  0x000001b251f4a1f0 JavaThread "jar transforms Thread 12" [_thread_blocked, id=5596, stack(0x0000002921b00000,0x0000002921c00000)]
  0x000001b251f48eb0 JavaThread "jar transforms Thread 13" [_thread_blocked, id=904, stack(0x0000002921c00000,0x0000002921d00000)]
  0x000001b251f4c3a0 JavaThread "jar transforms Thread 14" [_thread_blocked, id=6784, stack(0x0000002921d00000,0x0000002921e00000)]
  0x000001b251f4a6c0 JavaThread "jar transforms Thread 15" [_thread_blocked, id=8216, stack(0x0000002921e00000,0x0000002921f00000)]
  0x000001b251f49380 JavaThread "jar transforms Thread 16" [_thread_blocked, id=1308, stack(0x0000002921f00000,0x0000002922000000)]
  0x000001b251f4cd40 JavaThread "jar transforms Thread 17" [_thread_blocked, id=4404, stack(0x0000002922000000,0x0000002922100000)]
  0x000001b251f4c870 JavaThread "jar transforms Thread 18" [_thread_blocked, id=10068, stack(0x0000002922100000,0x0000002922200000)]
  0x000001b251f4b530 JavaThread "jar transforms Thread 19" [_thread_blocked, id=8132, stack(0x0000002922200000,0x0000002922300000)]
  0x000001b251f48040 JavaThread "jar transforms Thread 20" [_thread_blocked, id=4636, stack(0x0000002922300000,0x0000002922400000)]
  0x000001b251f4e080 JavaThread "jar transforms Thread 21" [_thread_blocked, id=7100, stack(0x0000002922400000,0x0000002922500000)]
  0x000001b251f48510 JavaThread "jar transforms Thread 22" [_thread_blocked, id=4136, stack(0x0000002922500000,0x0000002922600000)]
  0x000001b251f4ba00 JavaThread "jar transforms Thread 23" [_thread_blocked, id=9888, stack(0x0000002922600000,0x0000002922700000)]
  0x000001b251f471d0 JavaThread "jar transforms Thread 24" [_thread_blocked, id=7992, stack(0x0000002922700000,0x0000002922800000)]
  0x000001b251f4bed0 JavaThread "jar transforms Thread 25" [_thread_blocked, id=2008, stack(0x0000002922800000,0x0000002922900000)]
  0x000001b251f4d6e0 JavaThread "jar transforms Thread 26" [_thread_blocked, id=1232, stack(0x0000002922900000,0x0000002922a00000)]
  0x000001b251f4dbb0 JavaThread "jar transforms Thread 27" [_thread_blocked, id=4280, stack(0x0000002922a00000,0x0000002922b00000)]

Other Threads:
  0x000001b24d58a6f0 VMThread "VM Thread" [stack: 0x000000291e700000,0x000000291e800000] [id=1800]
  0x000001b24e084560 WatcherThread [stack: 0x000000291f200000,0x000000291f300000] [id=9748]
  0x000001b230ce5b90 GCTaskThread "GC Thread#0" [stack: 0x000000291e200000,0x000000291e300000] [id=3304]
  0x000001b24dffd210 GCTaskThread "GC Thread#1" [stack: 0x000000291f300000,0x000000291f400000] [id=8328]
  0x000001b24dffded0 GCTaskThread "GC Thread#2" [stack: 0x000000291f400000,0x000000291f500000] [id=5556]
  0x000001b24dffd540 GCTaskThread "GC Thread#3" [stack: 0x000000291f500000,0x000000291f600000] [id=10140]
  0x000001b230cec3b0 ConcurrentGCThread "G1 Main Marker" [stack: 0x000000291e300000,0x000000291e400000] [id=6392]
  0x000001b230ceceb0 ConcurrentGCThread "G1 Conc#0" [stack: 0x000000291e400000,0x000000291e500000] [id=4356]
  0x000001b24d4400a0 ConcurrentGCThread "G1 Refine#0" [stack: 0x000000291e500000,0x000000291e600000] [id=7516]
  0x000001b24d441900 ConcurrentGCThread "G1 Young RemSet Sampling" [stack: 0x000000291e600000,0x000000291e700000] [id=4824]

Threads with active compile tasks:
C2 CompilerThread0     8748 3680       4       org.codehaus.groovy.reflection.CachedMethod::compareTo (25 bytes)
C1 CompilerThread0     8748 3845       2       java.lang.invoke.InnerClassLambdaMetafactory::<init> (255 bytes)

VM state: not at safepoint (normal execution)

VM Mutex/Monitor currently owned by a thread: None

Heap address: 0x00000000e0000000, size: 512 MB, Compressed Oops mode: 32-bit
CDS archive(s) mapped at: [0x0000000800000000-0x0000000800b50000-0x0000000800b50000), size 11862016, SharedBaseAddress: 0x0000000800000000, ArchiveRelocationMode: 0.
Compressed class space mapped at: 0x0000000800b50000-0x0000000810350000, size: 260046848
Narrow klass base: 0x0000000800000000, Narrow klass shift: 3, Narrow klass range: 0x100000000

GC Precious Log:
 CPUs: 4 total, 4 available
 Memory: 3512M
 Large Page Support: Disabled
 NUMA Support: Disabled
 Compressed Oops: Enabled (32-bit)
 Heap Region Size: 1M
 Heap Min Capacity: 256M
 Heap Initial Capacity: 256M
 Heap Max Capacity: 512M
 Pre-touch: Disabled
 Parallel Workers: 4
 Concurrent Workers: 1
 Concurrent Refinement Workers: 4
 Periodic GC: Disabled

Heap:
 garbage-first heap   total 262144K, used 55430K [0x00000000e0000000, 0x0000000100000000)
  region size 1024K, 44 young (45056K), 17 survivors (17408K)
 Metaspace       used 37692K, capacity 38299K, committed 38448K, reserved 288768K
  class space    used 5029K, capacity 5247K, committed 5248K, reserved 253952K

Heap Regions: E=young(eden), S=young(survivor), O=old, HS=humongous(starts), HC=humongous(continues), CS=collection set, F=free, OA=open archive, CA=closed archive, TAMS=top-at-mark-start (previous, next)
|   0|0x00000000e0000000, 0x00000000e0100000, 0x00000000e0100000|100%| O|  |TAMS 0x00000000e0100000, 0x00000000e0000000| Untracked 
|   1|0x00000000e0100000, 0x00000000e0200000, 0x00000000e0200000|100%| O|  |TAMS 0x00000000e0200000, 0x00000000e0100000| Untracked 
|   2|0x00000000e0200000, 0x00000000e02dc200, 0x00000000e0300000| 85%| O|  |TAMS 0x00000000e02dc200, 0x00000000e0200000| Untracked 
|   3|0x00000000e0300000, 0x00000000e0400000, 0x00000000e0400000|100%|HS|  |TAMS 0x00000000e0400000, 0x00000000e0300000| Complete 
|   4|0x00000000e0400000, 0x00000000e0500000, 0x00000000e0500000|100%|HC|  |TAMS 0x00000000e0500000, 0x00000000e0400000| Complete 
|   5|0x00000000e0500000, 0x00000000e0600000, 0x00000000e0600000|100%|HC|  |TAMS 0x00000000e0600000, 0x00000000e0500000| Complete 
|   6|0x00000000e0600000, 0x00000000e0700000, 0x00000000e0700000|100%| O|  |TAMS 0x00000000e0700000, 0x00000000e0600000| Untracked 
|   7|0x00000000e0700000, 0x00000000e0800000, 0x00000000e0800000|100%| O|  |TAMS 0x00000000e0800000, 0x00000000e0700000| Untracked 
|   8|0x00000000e0800000, 0x00000000e0900000, 0x00000000e0900000|100%| O|  |TAMS 0x00000000e0900000, 0x00000000e0800000| Untracked 
|   9|0x00000000e0900000, 0x00000000e0a00000, 0x00000000e0a00000|100%|HS|  |TAMS 0x00000000e0900000, 0x00000000e0900000| Complete 
|  10|0x00000000e0a00000, 0x00000000e0b00000, 0x00000000e0b00000|100%|HC|  |TAMS 0x00000000e0a00000, 0x00000000e0a00000| Complete 
|  11|0x00000000e0b00000, 0x00000000e0c00000, 0x00000000e0c00000|100%|HC|  |TAMS 0x00000000e0b00000, 0x00000000e0b00000| Complete 
|  12|0x00000000e0c00000, 0x00000000e0c00000, 0x00000000e0d00000|  0%| F|  |TAMS 0x00000000e0c00000, 0x00000000e0c00000| Untracked 
|  13|0x00000000e0d00000, 0x00000000e0d00000, 0x00000000e0e00000|  0%| F|  |TAMS 0x00000000e0d00000, 0x00000000e0d00000| Untracked 
|  14|0x00000000e0e00000, 0x00000000e0e00000, 0x00000000e0f00000|  0%| F|  |TAMS 0x00000000e0e00000, 0x00000000e0e00000| Untracked 
|  15|0x00000000e0f00000, 0x00000000e0f00000, 0x00000000e1000000|  0%| F|  |TAMS 0x00000000e0f00000, 0x00000000e0f00000| Untracked 
|  16|0x00000000e1000000, 0x00000000e1000000, 0x00000000e1100000|  0%| F|  |TAMS 0x00000000e1000000, 0x00000000e1000000| Untracked 
|  17|0x00000000e1100000, 0x00000000e1100000, 0x00000000e1200000|  0%| F|  |TAMS 0x00000000e1100000, 0x00000000e1100000| Untracked 
|  18|0x00000000e1200000, 0x00000000e1200000, 0x00000000e1300000|  0%| F|  |TAMS 0x00000000e1200000, 0x00000000e1200000| Untracked 
|  19|0x00000000e1300000, 0x00000000e1300000, 0x00000000e1400000|  0%| F|  |TAMS 0x00000000e1300000, 0x00000000e1300000| Untracked 
|  20|0x00000000e1400000, 0x00000000e1400000, 0x00000000e1500000|  0%| F|  |TAMS 0x00000000e1400000, 0x00000000e1400000| Untracked 
|  21|0x00000000e1500000, 0x00000000e1500000, 0x00000000e1600000|  0%| F|  |TAMS 0x00000000e1500000, 0x00000000e1500000| Untracked 
|  22|0x00000000e1600000, 0x00000000e1600000, 0x00000000e1700000|  0%| F|  |TAMS 0x00000000e1600000, 0x00000000e1600000| Untracked 
|  23|0x00000000e1700000, 0x00000000e1700000, 0x00000000e1800000|  0%| F|  |TAMS 0x00000000e1700000, 0x00000000e1700000| Untracked 
|  24|0x00000000e1800000, 0x00000000e1800000, 0x00000000e1900000|  0%| F|  |TAMS 0x00000000e1800000, 0x00000000e1800000| Untracked 
|  25|0x00000000e1900000, 0x00000000e1900000, 0x00000000e1a00000|  0%| F|  |TAMS 0x00000000e1900000, 0x00000000e1900000| Untracked 
|  26|0x00000000e1a00000, 0x00000000e1a00000, 0x00000000e1b00000|  0%| F|  |TAMS 0x00000000e1a00000, 0x00000000e1a00000| Untracked 
|  27|0x00000000e1b00000, 0x00000000e1b00000, 0x00000000e1c00000|  0%| F|  |TAMS 0x00000000e1b00000, 0x00000000e1b00000| Untracked 
|  28|0x00000000e1c00000, 0x00000000e1c00000, 0x00000000e1d00000|  0%| F|  |TAMS 0x00000000e1c00000, 0x00000000e1c00000| Untracked 
|  29|0x00000000e1d00000, 0x00000000e1d00000, 0x00000000e1e00000|  0%| F|  |TAMS 0x00000000e1d00000, 0x00000000e1d00000| Untracked 
|  30|0x00000000e1e00000, 0x00000000e1e00000, 0x00000000e1f00000|  0%| F|  |TAMS 0x00000000e1e00000, 0x00000000e1e00000| Untracked 
|  31|0x00000000e1f00000, 0x00000000e1f00000, 0x00000000e2000000|  0%| F|  |TAMS 0x00000000e1f00000, 0x00000000e1f00000| Untracked 
|  32|0x00000000e2000000, 0x00000000e2000000, 0x00000000e2100000|  0%| F|  |TAMS 0x00000000e2000000, 0x00000000e2000000| Untracked 
|  33|0x00000000e2100000, 0x00000000e2100000, 0x00000000e2200000|  0%| F|  |TAMS 0x00000000e2100000, 0x00000000e2100000| Untracked 
|  34|0x00000000e2200000, 0x00000000e2200000, 0x00000000e2300000|  0%| F|  |TAMS 0x00000000e2200000, 0x00000000e2200000| Untracked 
|  35|0x00000000e2300000, 0x00000000e2300000, 0x00000000e2400000|  0%| F|  |TAMS 0x00000000e2300000, 0x00000000e2300000| Untracked 
|  36|0x00000000e2400000, 0x00000000e2400000, 0x00000000e2500000|  0%| F|  |TAMS 0x00000000e2400000, 0x00000000e2400000| Untracked 
|  37|0x00000000e2500000, 0x00000000e2500000, 0x00000000e2600000|  0%| F|  |TAMS 0x00000000e2500000, 0x00000000e2500000| Untracked 
|  38|0x00000000e2600000, 0x00000000e2600000, 0x00000000e2700000|  0%| F|  |TAMS 0x00000000e2600000, 0x00000000e2600000| Untracked 
|  39|0x00000000e2700000, 0x00000000e2700000, 0x00000000e2800000|  0%| F|  |TAMS 0x00000000e2700000, 0x00000000e2700000| Untracked 
|  40|0x00000000e2800000, 0x00000000e2800000, 0x00000000e2900000|  0%| F|  |TAMS 0x00000000e2800000, 0x00000000e2800000| Untracked 
|  41|0x00000000e2900000, 0x00000000e2900000, 0x00000000e2a00000|  0%| F|  |TAMS 0x00000000e2900000, 0x00000000e2900000| Untracked 
|  42|0x00000000e2a00000, 0x00000000e2a00000, 0x00000000e2b00000|  0%| F|  |TAMS 0x00000000e2a00000, 0x00000000e2a00000| Untracked 
|  43|0x00000000e2b00000, 0x00000000e2b00000, 0x00000000e2c00000|  0%| F|  |TAMS 0x00000000e2b00000, 0x00000000e2b00000| Untracked 
|  44|0x00000000e2c00000, 0x00000000e2c00000, 0x00000000e2d00000|  0%| F|  |TAMS 0x00000000e2c00000, 0x00000000e2c00000| Untracked 
|  45|0x00000000e2d00000, 0x00000000e2d00000, 0x00000000e2e00000|  0%| F|  |TAMS 0x00000000e2d00000, 0x00000000e2d00000| Untracked 
|  46|0x00000000e2e00000, 0x00000000e2e00000, 0x00000000e2f00000|  0%| F|  |TAMS 0x00000000e2e00000, 0x00000000e2e00000| Untracked 
|  47|0x00000000e2f00000, 0x00000000e2f00000, 0x00000000e3000000|  0%| F|  |TAMS 0x00000000e2f00000, 0x00000000e2f00000| Untracked 
|  48|0x00000000e3000000, 0x00000000e3000000, 0x00000000e3100000|  0%| F|  |TAMS 0x00000000e3000000, 0x00000000e3000000| Untracked 
|  49|0x00000000e3100000, 0x00000000e3100000, 0x00000000e3200000|  0%| F|  |TAMS 0x00000000e3100000, 0x00000000e3100000| Untracked 
|  50|0x00000000e3200000, 0x00000000e3200000, 0x00000000e3300000|  0%| F|  |TAMS 0x00000000e3200000, 0x00000000e3200000| Untracked 
|  51|0x00000000e3300000, 0x00000000e3300000, 0x00000000e3400000|  0%| F|  |TAMS 0x00000000e3300000, 0x00000000e3300000| Untracked 
|  52|0x00000000e3400000, 0x00000000e3400000, 0x00000000e3500000|  0%| F|  |TAMS 0x00000000e3400000, 0x00000000e3400000| Untracked 
|  53|0x00000000e3500000, 0x00000000e3500000, 0x00000000e3600000|  0%| F|  |TAMS 0x00000000e3500000, 0x00000000e3500000| Untracked 
|  54|0x00000000e3600000, 0x00000000e3600000, 0x00000000e3700000|  0%| F|  |TAMS 0x00000000e3600000, 0x00000000e3600000| Untracked 
|  55|0x00000000e3700000, 0x00000000e3700000, 0x00000000e3800000|  0%| F|  |TAMS 0x00000000e3700000, 0x00000000e3700000| Untracked 
|  56|0x00000000e3800000, 0x00000000e3800000, 0x00000000e3900000|  0%| F|  |TAMS 0x00000000e3800000, 0x00000000e3800000| Untracked 
|  57|0x00000000e3900000, 0x00000000e3900000, 0x00000000e3a00000|  0%| F|  |TAMS 0x00000000e3900000, 0x00000000e3900000| Untracked 
|  58|0x00000000e3a00000, 0x00000000e3a00000, 0x00000000e3b00000|  0%| F|  |TAMS 0x00000000e3a00000, 0x00000000e3a00000| Untracked 
|  59|0x00000000e3b00000, 0x00000000e3b00000, 0x00000000e3c00000|  0%| F|  |TAMS 0x00000000e3b00000, 0x00000000e3b00000| Untracked 
|  60|0x00000000e3c00000, 0x00000000e3c00000, 0x00000000e3d00000|  0%| F|  |TAMS 0x00000000e3c00000, 0x00000000e3c00000| Untracked 
|  61|0x00000000e3d00000, 0x00000000e3d00000, 0x00000000e3e00000|  0%| F|  |TAMS 0x00000000e3d00000, 0x00000000e3d00000| Untracked 
|  62|0x00000000e3e00000, 0x00000000e3e00000, 0x00000000e3f00000|  0%| F|  |TAMS 0x00000000e3e00000, 0x00000000e3e00000| Untracked 
|  63|0x00000000e3f00000, 0x00000000e3f00000, 0x00000000e4000000|  0%| F|  |TAMS 0x00000000e3f00000, 0x00000000e3f00000| Untracked 
|  64|0x00000000e4000000, 0x00000000e4000000, 0x00000000e4100000|  0%| F|  |TAMS 0x00000000e4000000, 0x00000000e4000000| Untracked 
|  65|0x00000000e4100000, 0x00000000e4100000, 0x00000000e4200000|  0%| F|  |TAMS 0x00000000e4100000, 0x00000000e4100000| Untracked 
|  66|0x00000000e4200000, 0x00000000e4200000, 0x00000000e4300000|  0%| F|  |TAMS 0x00000000e4200000, 0x00000000e4200000| Untracked 
|  67|0x00000000e4300000, 0x00000000e4300000, 0x00000000e4400000|  0%| F|  |TAMS 0x00000000e4300000, 0x00000000e4300000| Untracked 
|  68|0x00000000e4400000, 0x00000000e4400000, 0x00000000e4500000|  0%| F|  |TAMS 0x00000000e4400000, 0x00000000e4400000| Untracked 
|  69|0x00000000e4500000, 0x00000000e4500000, 0x00000000e4600000|  0%| F|  |TAMS 0x00000000e4500000, 0x00000000e4500000| Untracked 
|  70|0x00000000e4600000, 0x00000000e4600000, 0x00000000e4700000|  0%| F|  |TAMS 0x00000000e4600000, 0x00000000e4600000| Untracked 
|  71|0x00000000e4700000, 0x00000000e4700000, 0x00000000e4800000|  0%| F|  |TAMS 0x00000000e4700000, 0x00000000e4700000| Untracked 
|  72|0x00000000e4800000, 0x00000000e4800000, 0x00000000e4900000|  0%| F|  |TAMS 0x00000000e4800000, 0x00000000e4800000| Untracked 
|  73|0x00000000e4900000, 0x00000000e4900000, 0x00000000e4a00000|  0%| F|  |TAMS 0x00000000e4900000, 0x00000000e4900000| Untracked 
|  74|0x00000000e4a00000, 0x00000000e4a00000, 0x00000000e4b00000|  0%| F|  |TAMS 0x00000000e4a00000, 0x00000000e4a00000| Untracked 
|  75|0x00000000e4b00000, 0x00000000e4b00000, 0x00000000e4c00000|  0%| F|  |TAMS 0x00000000e4b00000, 0x00000000e4b00000| Untracked 
|  76|0x00000000e4c00000, 0x00000000e4c00000, 0x00000000e4d00000|  0%| F|  |TAMS 0x00000000e4c00000, 0x00000000e4c00000| Untracked 
|  77|0x00000000e4d00000, 0x00000000e4d00000, 0x00000000e4e00000|  0%| F|  |TAMS 0x00000000e4d00000, 0x00000000e4d00000| Untracked 
|  78|0x00000000e4e00000, 0x00000000e4e00000, 0x00000000e4f00000|  0%| F|  |TAMS 0x00000000e4e00000, 0x00000000e4e00000| Untracked 
|  79|0x00000000e4f00000, 0x00000000e4f00000, 0x00000000e5000000|  0%| F|  |TAMS 0x00000000e4f00000, 0x00000000e4f00000| Untracked 
|  80|0x00000000e5000000, 0x00000000e5000000, 0x00000000e5100000|  0%| F|  |TAMS 0x00000000e5000000, 0x00000000e5000000| Untracked 
|  81|0x00000000e5100000, 0x00000000e5100000, 0x00000000e5200000|  0%| F|  |TAMS 0x00000000e5100000, 0x00000000e5100000| Untracked 
|  82|0x00000000e5200000, 0x00000000e5200000, 0x00000000e5300000|  0%| F|  |TAMS 0x00000000e5200000, 0x00000000e5200000| Untracked 
|  83|0x00000000e5300000, 0x00000000e5300000, 0x00000000e5400000|  0%| F|  |TAMS 0x00000000e5300000, 0x00000000e5300000| Untracked 
|  84|0x00000000e5400000, 0x00000000e5400000, 0x00000000e5500000|  0%| F|  |TAMS 0x00000000e5400000, 0x00000000e5400000| Untracked 
|  85|0x00000000e5500000, 0x00000000e5500000, 0x00000000e5600000|  0%| F|  |TAMS 0x00000000e5500000, 0x00000000e5500000| Untracked 
|  86|0x00000000e5600000, 0x00000000e5600000, 0x00000000e5700000|  0%| F|  |TAMS 0x00000000e5600000, 0x00000000e5600000| Untracked 
|  87|0x00000000e5700000, 0x00000000e5700000, 0x00000000e5800000|  0%| F|  |TAMS 0x00000000e5700000, 0x00000000e5700000| Untracked 
|  88|0x00000000e5800000, 0x00000000e5800000, 0x00000000e5900000|  0%| F|  |TAMS 0x00000000e5800000, 0x00000000e5800000| Untracked 
|  89|0x00000000e5900000, 0x00000000e5900000, 0x00000000e5a00000|  0%| F|  |TAMS 0x00000000e5900000, 0x00000000e5900000| Untracked 
|  90|0x00000000e5a00000, 0x00000000e5a00000, 0x00000000e5b00000|  0%| F|  |TAMS 0x00000000e5a00000, 0x00000000e5a00000| Untracked 
|  91|0x00000000e5b00000, 0x00000000e5b00000, 0x00000000e5c00000|  0%| F|  |TAMS 0x00000000e5b00000, 0x00000000e5b00000| Untracked 
|  92|0x00000000e5c00000, 0x00000000e5c00000, 0x00000000e5d00000|  0%| F|  |TAMS 0x00000000e5c00000, 0x00000000e5c00000| Untracked 
|  93|0x00000000e5d00000, 0x00000000e5d00000, 0x00000000e5e00000|  0%| F|  |TAMS 0x00000000e5d00000, 0x00000000e5d00000| Untracked 
|  94|0x00000000e5e00000, 0x00000000e5e00000, 0x00000000e5f00000|  0%| F|  |TAMS 0x00000000e5e00000, 0x00000000e5e00000| Untracked 
|  95|0x00000000e5f00000, 0x00000000e5f00000, 0x00000000e6000000|  0%| F|  |TAMS 0x00000000e5f00000, 0x00000000e5f00000| Untracked 
|  96|0x00000000e6000000, 0x00000000e6000000, 0x00000000e6100000|  0%| F|  |TAMS 0x00000000e6000000, 0x00000000e6000000| Untracked 
|  97|0x00000000e6100000, 0x00000000e6100000, 0x00000000e6200000|  0%| F|  |TAMS 0x00000000e6100000, 0x00000000e6100000| Untracked 
|  98|0x00000000e6200000, 0x00000000e6200000, 0x00000000e6300000|  0%| F|  |TAMS 0x00000000e6200000, 0x00000000e6200000| Untracked 
|  99|0x00000000e6300000, 0x00000000e6300000, 0x00000000e6400000|  0%| F|  |TAMS 0x00000000e6300000, 0x00000000e6300000| Untracked 
| 100|0x00000000e6400000, 0x00000000e6400000, 0x00000000e6500000|  0%| F|  |TAMS 0x00000000e6400000, 0x00000000e6400000| Untracked 
| 101|0x00000000e6500000, 0x00000000e6500000, 0x00000000e6600000|  0%| F|  |TAMS 0x00000000e6500000, 0x00000000e6500000| Untracked 
| 102|0x00000000e6600000, 0x00000000e6600000, 0x00000000e6700000|  0%| F|  |TAMS 0x00000000e6600000, 0x00000000e6600000| Untracked 
| 103|0x00000000e6700000, 0x00000000e6700000, 0x00000000e6800000|  0%| F|  |TAMS 0x00000000e6700000, 0x00000000e6700000| Untracked 
| 104|0x00000000e6800000, 0x00000000e6800000, 0x00000000e6900000|  0%| F|  |TAMS 0x00000000e6800000, 0x00000000e6800000| Untracked 
| 105|0x00000000e6900000, 0x00000000e6900000, 0x00000000e6a00000|  0%| F|  |TAMS 0x00000000e6900000, 0x00000000e6900000| Untracked 
| 106|0x00000000e6a00000, 0x00000000e6a00000, 0x00000000e6b00000|  0%| F|  |TAMS 0x00000000e6a00000, 0x00000000e6a00000| Untracked 
| 107|0x00000000e6b00000, 0x00000000e6b00000, 0x00000000e6c00000|  0%| F|  |TAMS 0x00000000e6b00000, 0x00000000e6b00000| Untracked 
| 108|0x00000000e6c00000, 0x00000000e6c00000, 0x00000000e6d00000|  0%| F|  |TAMS 0x00000000e6c00000, 0x00000000e6c00000| Untracked 
| 109|0x00000000e6d00000, 0x00000000e6d00000, 0x00000000e6e00000|  0%| F|  |TAMS 0x00000000e6d00000, 0x00000000e6d00000| Untracked 
| 110|0x00000000e6e00000, 0x00000000e6e00000, 0x00000000e6f00000|  0%| F|  |TAMS 0x00000000e6e00000, 0x00000000e6e00000| Untracked 
| 111|0x00000000e6f00000, 0x00000000e6f00000, 0x00000000e7000000|  0%| F|  |TAMS 0x00000000e6f00000, 0x00000000e6f00000| Untracked 
| 112|0x00000000e7000000, 0x00000000e7000000, 0x00000000e7100000|  0%| F|  |TAMS 0x00000000e7000000, 0x00000000e7000000| Untracked 
| 113|0x00000000e7100000, 0x00000000e7100000, 0x00000000e7200000|  0%| F|  |TAMS 0x00000000e7100000, 0x00000000e7100000| Untracked 
| 114|0x00000000e7200000, 0x00000000e7200000, 0x00000000e7300000|  0%| F|  |TAMS 0x00000000e7200000, 0x00000000e7200000| Untracked 
| 115|0x00000000e7300000, 0x00000000e7300000, 0x00000000e7400000|  0%| F|  |TAMS 0x00000000e7300000, 0x00000000e7300000| Untracked 
| 116|0x00000000e7400000, 0x00000000e7400000, 0x00000000e7500000|  0%| F|  |TAMS 0x00000000e7400000, 0x00000000e7400000| Untracked 
| 117|0x00000000e7500000, 0x00000000e7500000, 0x00000000e7600000|  0%| F|  |TAMS 0x00000000e7500000, 0x00000000e7500000| Untracked 
| 118|0x00000000e7600000, 0x00000000e7600000, 0x00000000e7700000|  0%| F|  |TAMS 0x00000000e7600000, 0x00000000e7600000| Untracked 
| 119|0x00000000e7700000, 0x00000000e7700000, 0x00000000e7800000|  0%| F|  |TAMS 0x00000000e7700000, 0x00000000e7700000| Untracked 
| 120|0x00000000e7800000, 0x00000000e7800000, 0x00000000e7900000|  0%| F|  |TAMS 0x00000000e7800000, 0x00000000e7800000| Untracked 
| 121|0x00000000e7900000, 0x00000000e7900000, 0x00000000e7a00000|  0%| F|  |TAMS 0x00000000e7900000, 0x00000000e7900000| Untracked 
| 122|0x00000000e7a00000, 0x00000000e7a00000, 0x00000000e7b00000|  0%| F|  |TAMS 0x00000000e7a00000, 0x00000000e7a00000| Untracked 
| 123|0x00000000e7b00000, 0x00000000e7b00000, 0x00000000e7c00000|  0%| F|  |TAMS 0x00000000e7b00000, 0x00000000e7b00000| Untracked 
| 124|0x00000000e7c00000, 0x00000000e7c00000, 0x00000000e7d00000|  0%| F|  |TAMS 0x00000000e7c00000, 0x00000000e7c00000| Untracked 
| 125|0x00000000e7d00000, 0x00000000e7d00000, 0x00000000e7e00000|  0%| F|  |TAMS 0x00000000e7d00000, 0x00000000e7d00000| Untracked 
| 126|0x00000000e7e00000, 0x00000000e7e00000, 0x00000000e7f00000|  0%| F|  |TAMS 0x00000000e7e00000, 0x00000000e7e00000| Untracked 
| 127|0x00000000e7f00000, 0x00000000e7f00000, 0x00000000e8000000|  0%| F|  |TAMS 0x00000000e7f00000, 0x00000000e7f00000| Untracked 
| 128|0x00000000e8000000, 0x00000000e8000000, 0x00000000e8100000|  0%| F|  |TAMS 0x00000000e8000000, 0x00000000e8000000| Untracked 
| 129|0x00000000e8100000, 0x00000000e8100000, 0x00000000e8200000|  0%| F|  |TAMS 0x00000000e8100000, 0x00000000e8100000| Untracked 
| 130|0x00000000e8200000, 0x00000000e8200000, 0x00000000e8300000|  0%| F|  |TAMS 0x00000000e8200000, 0x00000000e8200000| Untracked 
| 131|0x00000000e8300000, 0x00000000e8300000, 0x00000000e8400000|  0%| F|  |TAMS 0x00000000e8300000, 0x00000000e8300000| Untracked 
| 132|0x00000000e8400000, 0x00000000e8400000, 0x00000000e8500000|  0%| F|  |TAMS 0x00000000e8400000, 0x00000000e8400000| Untracked 
| 133|0x00000000e8500000, 0x00000000e8500000, 0x00000000e8600000|  0%| F|  |TAMS 0x00000000e8500000, 0x00000000e8500000| Untracked 
| 134|0x00000000e8600000, 0x00000000e8600000, 0x00000000e8700000|  0%| F|  |TAMS 0x00000000e8600000, 0x00000000e8600000| Untracked 
| 135|0x00000000e8700000, 0x00000000e8700000, 0x00000000e8800000|  0%| F|  |TAMS 0x00000000e8700000, 0x00000000e8700000| Untracked 
| 136|0x00000000e8800000, 0x00000000e8800000, 0x00000000e8900000|  0%| F|  |TAMS 0x00000000e8800000, 0x00000000e8800000| Untracked 
| 137|0x00000000e8900000, 0x00000000e8900000, 0x00000000e8a00000|  0%| F|  |TAMS 0x00000000e8900000, 0x00000000e8900000| Untracked 
| 138|0x00000000e8a00000, 0x00000000e8a00000, 0x00000000e8b00000|  0%| F|  |TAMS 0x00000000e8a00000, 0x00000000e8a00000| Untracked 
| 139|0x00000000e8b00000, 0x00000000e8b00000, 0x00000000e8c00000|  0%| F|  |TAMS 0x00000000e8b00000, 0x00000000e8b00000| Untracked 
| 140|0x00000000e8c00000, 0x00000000e8c00000, 0x00000000e8d00000|  0%| F|  |TAMS 0x00000000e8c00000, 0x00000000e8c00000| Untracked 
| 141|0x00000000e8d00000, 0x00000000e8d00000, 0x00000000e8e00000|  0%| F|  |TAMS 0x00000000e8d00000, 0x00000000e8d00000| Untracked 
| 142|0x00000000e8e00000, 0x00000000e8e00000, 0x00000000e8f00000|  0%| F|  |TAMS 0x00000000e8e00000, 0x00000000e8e00000| Untracked 
| 143|0x00000000e8f00000, 0x00000000e8f00000, 0x00000000e9000000|  0%| F|  |TAMS 0x00000000e8f00000, 0x00000000e8f00000| Untracked 
| 144|0x00000000e9000000, 0x00000000e9000000, 0x00000000e9100000|  0%| F|  |TAMS 0x00000000e9000000, 0x00000000e9000000| Untracked 
| 145|0x00000000e9100000, 0x00000000e9100000, 0x00000000e9200000|  0%| F|  |TAMS 0x00000000e9100000, 0x00000000e9100000| Untracked 
| 146|0x00000000e9200000, 0x00000000e9200000, 0x00000000e9300000|  0%| F|  |TAMS 0x00000000e9200000, 0x00000000e9200000| Untracked 
| 147|0x00000000e9300000, 0x00000000e9300000, 0x00000000e9400000|  0%| F|  |TAMS 0x00000000e9300000, 0x00000000e9300000| Untracked 
| 148|0x00000000e9400000, 0x00000000e9400000, 0x00000000e9500000|  0%| F|  |TAMS 0x00000000e9400000, 0x00000000e9400000| Untracked 
| 149|0x00000000e9500000, 0x00000000e9500000, 0x00000000e9600000|  0%| F|  |TAMS 0x00000000e9500000, 0x00000000e9500000| Untracked 
| 150|0x00000000e9600000, 0x00000000e9600000, 0x00000000e9700000|  0%| F|  |TAMS 0x00000000e9600000, 0x00000000e9600000| Untracked 
| 151|0x00000000e9700000, 0x00000000e97458e0, 0x00000000e9800000| 27%| S|CS|TAMS 0x00000000e9700000, 0x00000000e9700000| Complete 
| 152|0x00000000e9800000, 0x00000000e9900000, 0x00000000e9900000|100%| S|CS|TAMS 0x00000000e9800000, 0x00000000e9800000| Complete 
| 153|0x00000000e9900000, 0x00000000e9900000, 0x00000000e9a00000|  0%| F|  |TAMS 0x00000000e9900000, 0x00000000e9900000| Untracked 
| 154|0x00000000e9a00000, 0x00000000e9a00000, 0x00000000e9b00000|  0%| F|  |TAMS 0x00000000e9a00000, 0x00000000e9a00000| Untracked 
| 155|0x00000000e9b00000, 0x00000000e9b00000, 0x00000000e9c00000|  0%| F|  |TAMS 0x00000000e9b00000, 0x00000000e9b00000| Untracked 
| 156|0x00000000e9c00000, 0x00000000e9c00000, 0x00000000e9d00000|  0%| F|  |TAMS 0x00000000e9c00000, 0x00000000e9c00000| Untracked 
| 157|0x00000000e9d00000, 0x00000000e9d00000, 0x00000000e9e00000|  0%| F|  |TAMS 0x00000000e9d00000, 0x00000000e9d00000| Untracked 
| 158|0x00000000e9e00000, 0x00000000e9e00000, 0x00000000e9f00000|  0%| F|  |TAMS 0x00000000e9e00000, 0x00000000e9e00000| Untracked 
| 159|0x00000000e9f00000, 0x00000000e9f00000, 0x00000000ea000000|  0%| F|  |TAMS 0x00000000e9f00000, 0x00000000e9f00000| Untracked 
| 160|0x00000000ea000000, 0x00000000ea000000, 0x00000000ea100000|  0%| F|  |TAMS 0x00000000ea000000, 0x00000000ea000000| Untracked 
| 161|0x00000000ea100000, 0x00000000ea100000, 0x00000000ea200000|  0%| F|  |TAMS 0x00000000ea100000, 0x00000000ea100000| Untracked 
| 162|0x00000000ea200000, 0x00000000ea200000, 0x00000000ea300000|  0%| F|  |TAMS 0x00000000ea200000, 0x00000000ea200000| Untracked 
| 163|0x00000000ea300000, 0x00000000ea400000, 0x00000000ea400000|100%| S|CS|TAMS 0x00000000ea300000, 0x00000000ea300000| Complete 
| 164|0x00000000ea400000, 0x00000000ea500000, 0x00000000ea500000|100%| S|CS|TAMS 0x00000000ea400000, 0x00000000ea400000| Complete 
| 165|0x00000000ea500000, 0x00000000ea600000, 0x00000000ea600000|100%| S|CS|TAMS 0x00000000ea500000, 0x00000000ea500000| Complete 
| 166|0x00000000ea600000, 0x00000000ea700000, 0x00000000ea700000|100%| S|CS|TAMS 0x00000000ea600000, 0x00000000ea600000| Complete 
| 167|0x00000000ea700000, 0x00000000ea800000, 0x00000000ea800000|100%| S|CS|TAMS 0x00000000ea700000, 0x00000000ea700000| Complete 
| 168|0x00000000ea800000, 0x00000000ea900000, 0x00000000ea900000|100%| S|CS|TAMS 0x00000000ea800000, 0x00000000ea800000| Complete 
| 169|0x00000000ea900000, 0x00000000eaa00000, 0x00000000eaa00000|100%| S|CS|TAMS 0x00000000ea900000, 0x00000000ea900000| Complete 
| 170|0x00000000eaa00000, 0x00000000eab00000, 0x00000000eab00000|100%| S|CS|TAMS 0x00000000eaa00000, 0x00000000eaa00000| Complete 
| 171|0x00000000eab00000, 0x00000000eac00000, 0x00000000eac00000|100%| S|CS|TAMS 0x00000000eab00000, 0x00000000eab00000| Complete 
| 172|0x00000000eac00000, 0x00000000ead00000, 0x00000000ead00000|100%| S|CS|TAMS 0x00000000eac00000, 0x00000000eac00000| Complete 
| 173|0x00000000ead00000, 0x00000000eae00000, 0x00000000eae00000|100%| S|CS|TAMS 0x00000000ead00000, 0x00000000ead00000| Complete 
| 174|0x00000000eae00000, 0x00000000eaf00000, 0x00000000eaf00000|100%| S|CS|TAMS 0x00000000eae00000, 0x00000000eae00000| Complete 
| 175|0x00000000eaf00000, 0x00000000eb000000, 0x00000000eb000000|100%| S|CS|TAMS 0x00000000eaf00000, 0x00000000eaf00000| Complete 
| 176|0x00000000eb000000, 0x00000000eb100000, 0x00000000eb100000|100%| S|CS|TAMS 0x00000000eb000000, 0x00000000eb000000| Complete 
| 177|0x00000000eb100000, 0x00000000eb200000, 0x00000000eb200000|100%| S|CS|TAMS 0x00000000eb100000, 0x00000000eb100000| Complete 
| 178|0x00000000eb200000, 0x00000000eb200000, 0x00000000eb300000|  0%| F|  |TAMS 0x00000000eb200000, 0x00000000eb200000| Untracked 
| 179|0x00000000eb300000, 0x00000000eb300000, 0x00000000eb400000|  0%| F|  |TAMS 0x00000000eb300000, 0x00000000eb300000| Untracked 
| 180|0x00000000eb400000, 0x00000000eb400000, 0x00000000eb500000|  0%| F|  |TAMS 0x00000000eb400000, 0x00000000eb400000| Untracked 
| 181|0x00000000eb500000, 0x00000000eb500000, 0x00000000eb600000|  0%| F|  |TAMS 0x00000000eb500000, 0x00000000eb500000| Untracked 
| 182|0x00000000eb600000, 0x00000000eb600000, 0x00000000eb700000|  0%| F|  |TAMS 0x00000000eb600000, 0x00000000eb600000| Untracked 
| 183|0x00000000eb700000, 0x00000000eb700000, 0x00000000eb800000|  0%| F|  |TAMS 0x00000000eb700000, 0x00000000eb700000| Untracked 
| 184|0x00000000eb800000, 0x00000000eb800000, 0x00000000eb900000|  0%| F|  |TAMS 0x00000000eb800000, 0x00000000eb800000| Untracked 
| 185|0x00000000eb900000, 0x00000000eb900000, 0x00000000eba00000|  0%| F|  |TAMS 0x00000000eb900000, 0x00000000eb900000| Untracked 
| 186|0x00000000eba00000, 0x00000000eba00000, 0x00000000ebb00000|  0%| F|  |TAMS 0x00000000eba00000, 0x00000000eba00000| Untracked 
| 187|0x00000000ebb00000, 0x00000000ebb00000, 0x00000000ebc00000|  0%| F|  |TAMS 0x00000000ebb00000, 0x00000000ebb00000| Untracked 
| 188|0x00000000ebc00000, 0x00000000ebc00000, 0x00000000ebd00000|  0%| F|  |TAMS 0x00000000ebc00000, 0x00000000ebc00000| Untracked 
| 189|0x00000000ebd00000, 0x00000000ebd00000, 0x00000000ebe00000|  0%| F|  |TAMS 0x00000000ebd00000, 0x00000000ebd00000| Untracked 
| 190|0x00000000ebe00000, 0x00000000ebe00000, 0x00000000ebf00000|  0%| F|  |TAMS 0x00000000ebe00000, 0x00000000ebe00000| Untracked 
| 191|0x00000000ebf00000, 0x00000000ebf00000, 0x00000000ec000000|  0%| F|  |TAMS 0x00000000ebf00000, 0x00000000ebf00000| Untracked 
| 192|0x00000000ec000000, 0x00000000ec000000, 0x00000000ec100000|  0%| F|  |TAMS 0x00000000ec000000, 0x00000000ec000000| Untracked 
| 193|0x00000000ec100000, 0x00000000ec100000, 0x00000000ec200000|  0%| F|  |TAMS 0x00000000ec100000, 0x00000000ec100000| Untracked 
| 194|0x00000000ec200000, 0x00000000ec200000, 0x00000000ec300000|  0%| F|  |TAMS 0x00000000ec200000, 0x00000000ec200000| Untracked 
| 195|0x00000000ec300000, 0x00000000ec300000, 0x00000000ec400000|  0%| F|  |TAMS 0x00000000ec300000, 0x00000000ec300000| Untracked 
| 196|0x00000000ec400000, 0x00000000ec400000, 0x00000000ec500000|  0%| F|  |TAMS 0x00000000ec400000, 0x00000000ec400000| Untracked 
| 197|0x00000000ec500000, 0x00000000ec500000, 0x00000000ec600000|  0%| F|  |TAMS 0x00000000ec500000, 0x00000000ec500000| Untracked 
| 198|0x00000000ec600000, 0x00000000ec600000, 0x00000000ec700000|  0%| F|  |TAMS 0x00000000ec600000, 0x00000000ec600000| Untracked 
| 199|0x00000000ec700000, 0x00000000ec700000, 0x00000000ec800000|  0%| F|  |TAMS 0x00000000ec700000, 0x00000000ec700000| Untracked 
| 200|0x00000000ec800000, 0x00000000ec800000, 0x00000000ec900000|  0%| F|  |TAMS 0x00000000ec800000, 0x00000000ec800000| Untracked 
| 201|0x00000000ec900000, 0x00000000ec900000, 0x00000000eca00000|  0%| F|  |TAMS 0x00000000ec900000, 0x00000000ec900000| Untracked 
| 202|0x00000000eca00000, 0x00000000eca00000, 0x00000000ecb00000|  0%| F|  |TAMS 0x00000000eca00000, 0x00000000eca00000| Untracked 
| 203|0x00000000ecb00000, 0x00000000ecb00000, 0x00000000ecc00000|  0%| F|  |TAMS 0x00000000ecb00000, 0x00000000ecb00000| Untracked 
| 204|0x00000000ecc00000, 0x00000000ecc00000, 0x00000000ecd00000|  0%| F|  |TAMS 0x00000000ecc00000, 0x00000000ecc00000| Untracked 
| 205|0x00000000ecd00000, 0x00000000ecd00000, 0x00000000ece00000|  0%| F|  |TAMS 0x00000000ecd00000, 0x00000000ecd00000| Untracked 
| 206|0x00000000ece00000, 0x00000000ece00000, 0x00000000ecf00000|  0%| F|  |TAMS 0x00000000ece00000, 0x00000000ece00000| Untracked 
| 207|0x00000000ecf00000, 0x00000000ecf00000, 0x00000000ed000000|  0%| F|  |TAMS 0x00000000ecf00000, 0x00000000ecf00000| Untracked 
| 208|0x00000000ed000000, 0x00000000ed000000, 0x00000000ed100000|  0%| F|  |TAMS 0x00000000ed000000, 0x00000000ed000000| Untracked 
| 209|0x00000000ed100000, 0x00000000ed100000, 0x00000000ed200000|  0%| F|  |TAMS 0x00000000ed100000, 0x00000000ed100000| Untracked 
| 210|0x00000000ed200000, 0x00000000ed200000, 0x00000000ed300000|  0%| F|  |TAMS 0x00000000ed200000, 0x00000000ed200000| Untracked 
| 211|0x00000000ed300000, 0x00000000ed300000, 0x00000000ed400000|  0%| F|  |TAMS 0x00000000ed300000, 0x00000000ed300000| Untracked 
| 212|0x00000000ed400000, 0x00000000ed400000, 0x00000000ed500000|  0%| F|  |TAMS 0x00000000ed400000, 0x00000000ed400000| Untracked 
| 213|0x00000000ed500000, 0x00000000ed500000, 0x00000000ed600000|  0%| F|  |TAMS 0x00000000ed500000, 0x00000000ed500000| Untracked 
| 214|0x00000000ed600000, 0x00000000ed600000, 0x00000000ed700000|  0%| F|  |TAMS 0x00000000ed600000, 0x00000000ed600000| Untracked 
| 215|0x00000000ed700000, 0x00000000ed700000, 0x00000000ed800000|  0%| F|  |TAMS 0x00000000ed700000, 0x00000000ed700000| Untracked 
| 216|0x00000000ed800000, 0x00000000ed800000, 0x00000000ed900000|  0%| F|  |TAMS 0x00000000ed800000, 0x00000000ed800000| Untracked 
| 217|0x00000000ed900000, 0x00000000ed900000, 0x00000000eda00000|  0%| F|  |TAMS 0x00000000ed900000, 0x00000000ed900000| Untracked 
| 218|0x00000000eda00000, 0x00000000eda00000, 0x00000000edb00000|  0%| F|  |TAMS 0x00000000eda00000, 0x00000000eda00000| Untracked 
| 219|0x00000000edb00000, 0x00000000edb00000, 0x00000000edc00000|  0%| F|  |TAMS 0x00000000edb00000, 0x00000000edb00000| Untracked 
| 220|0x00000000edc00000, 0x00000000edc00000, 0x00000000edd00000|  0%| F|  |TAMS 0x00000000edc00000, 0x00000000edc00000| Untracked 
| 221|0x00000000edd00000, 0x00000000edd00000, 0x00000000ede00000|  0%| F|  |TAMS 0x00000000edd00000, 0x00000000edd00000| Untracked 
| 222|0x00000000ede00000, 0x00000000ede00000, 0x00000000edf00000|  0%| F|  |TAMS 0x00000000ede00000, 0x00000000ede00000| Untracked 
| 223|0x00000000edf00000, 0x00000000edf00000, 0x00000000ee000000|  0%| F|  |TAMS 0x00000000edf00000, 0x00000000edf00000| Untracked 
| 224|0x00000000ee000000, 0x00000000ee000000, 0x00000000ee100000|  0%| F|  |TAMS 0x00000000ee000000, 0x00000000ee000000| Untracked 
| 225|0x00000000ee100000, 0x00000000ee100000, 0x00000000ee200000|  0%| F|  |TAMS 0x00000000ee100000, 0x00000000ee100000| Untracked 
| 226|0x00000000ee200000, 0x00000000ee200000, 0x00000000ee300000|  0%| F|  |TAMS 0x00000000ee200000, 0x00000000ee200000| Untracked 
| 227|0x00000000ee300000, 0x00000000ee300000, 0x00000000ee400000|  0%| F|  |TAMS 0x00000000ee300000, 0x00000000ee300000| Untracked 
| 228|0x00000000ee400000, 0x00000000ee400000, 0x00000000ee500000|  0%| F|  |TAMS 0x00000000ee400000, 0x00000000ee400000| Untracked 
| 229|0x00000000ee500000, 0x00000000ee600000, 0x00000000ee600000|100%| E|  |TAMS 0x00000000ee500000, 0x00000000ee500000| Complete 
| 230|0x00000000ee600000, 0x00000000ee700000, 0x00000000ee700000|100%| E|CS|TAMS 0x00000000ee600000, 0x00000000ee600000| Complete 
| 231|0x00000000ee700000, 0x00000000ee800000, 0x00000000ee800000|100%| E|CS|TAMS 0x00000000ee700000, 0x00000000ee700000| Complete 
| 232|0x00000000ee800000, 0x00000000ee900000, 0x00000000ee900000|100%| E|CS|TAMS 0x00000000ee800000, 0x00000000ee800000| Complete 
| 233|0x00000000ee900000, 0x00000000eea00000, 0x00000000eea00000|100%| E|CS|TAMS 0x00000000ee900000, 0x00000000ee900000| Complete 
| 234|0x00000000eea00000, 0x00000000eeb00000, 0x00000000eeb00000|100%| E|CS|TAMS 0x00000000eea00000, 0x00000000eea00000| Complete 
| 235|0x00000000eeb00000, 0x00000000eec00000, 0x00000000eec00000|100%| E|CS|TAMS 0x00000000eeb00000, 0x00000000eeb00000| Complete 
| 236|0x00000000eec00000, 0x00000000eed00000, 0x00000000eed00000|100%| E|CS|TAMS 0x00000000eec00000, 0x00000000eec00000| Complete 
| 237|0x00000000eed00000, 0x00000000eee00000, 0x00000000eee00000|100%| E|CS|TAMS 0x00000000eed00000, 0x00000000eed00000| Complete 
| 238|0x00000000eee00000, 0x00000000eef00000, 0x00000000eef00000|100%| E|CS|TAMS 0x00000000eee00000, 0x00000000eee00000| Complete 
| 239|0x00000000eef00000, 0x00000000ef000000, 0x00000000ef000000|100%| E|CS|TAMS 0x00000000eef00000, 0x00000000eef00000| Complete 
| 240|0x00000000ef000000, 0x00000000ef100000, 0x00000000ef100000|100%| E|CS|TAMS 0x00000000ef000000, 0x00000000ef000000| Complete 
| 241|0x00000000ef100000, 0x00000000ef200000, 0x00000000ef200000|100%| E|CS|TAMS 0x00000000ef100000, 0x00000000ef100000| Complete 
| 242|0x00000000ef200000, 0x00000000ef300000, 0x00000000ef300000|100%| E|CS|TAMS 0x00000000ef200000, 0x00000000ef200000| Complete 
| 243|0x00000000ef300000, 0x00000000ef400000, 0x00000000ef400000|100%| E|CS|TAMS 0x00000000ef300000, 0x00000000ef300000| Complete 
| 244|0x00000000ef400000, 0x00000000ef500000, 0x00000000ef500000|100%| E|CS|TAMS 0x00000000ef400000, 0x00000000ef400000| Complete 
| 245|0x00000000ef500000, 0x00000000ef600000, 0x00000000ef600000|100%| E|CS|TAMS 0x00000000ef500000, 0x00000000ef500000| Complete 
| 246|0x00000000ef600000, 0x00000000ef700000, 0x00000000ef700000|100%| E|CS|TAMS 0x00000000ef600000, 0x00000000ef600000| Complete 
| 247|0x00000000ef700000, 0x00000000ef800000, 0x00000000ef800000|100%| E|CS|TAMS 0x00000000ef700000, 0x00000000ef700000| Complete 
| 248|0x00000000ef800000, 0x00000000ef900000, 0x00000000ef900000|100%| E|CS|TAMS 0x00000000ef800000, 0x00000000ef800000| Complete 
| 249|0x00000000ef900000, 0x00000000efa00000, 0x00000000efa00000|100%| E|CS|TAMS 0x00000000ef900000, 0x00000000ef900000| Complete 
| 250|0x00000000efa00000, 0x00000000efb00000, 0x00000000efb00000|100%| E|CS|TAMS 0x00000000efa00000, 0x00000000efa00000| Complete 
| 251|0x00000000efb00000, 0x00000000efc00000, 0x00000000efc00000|100%| E|CS|TAMS 0x00000000efb00000, 0x00000000efb00000| Complete 
| 252|0x00000000efc00000, 0x00000000efd00000, 0x00000000efd00000|100%| E|CS|TAMS 0x00000000efc00000, 0x00000000efc00000| Complete 
| 253|0x00000000efd00000, 0x00000000efe00000, 0x00000000efe00000|100%| E|CS|TAMS 0x00000000efd00000, 0x00000000efd00000| Complete 
| 254|0x00000000efe00000, 0x00000000eff00000, 0x00000000eff00000|100%| E|CS|TAMS 0x00000000efe00000, 0x00000000efe00000| Complete 
| 255|0x00000000eff00000, 0x00000000f0000000, 0x00000000f0000000|100%| E|CS|TAMS 0x00000000eff00000, 0x00000000eff00000| Complete 

Card table byte_map: [0x000001b249de0000,0x000001b249ee0000] _byte_map_base: 0x000001b2496e0000

Marking Bits (Prev, Next): (CMBitMap*) 0x000001b230ce72b0, (CMBitMap*) 0x000001b230ce72f0
 Prev Bits: [0x000001b249fe0000, 0x000001b24a7e0000)
 Next Bits: [0x000001b24a7e0000, 0x000001b24afe0000)

Polling page: 0x000001b230b50000

Metaspace:

Usage:
  Non-class:     32.46 MB capacity,    32.02 MB ( 99%) used,   406.43 KB (  1%) free+waste,    54.06 KB ( <1%) overhead. 
      Class:      5.16 MB capacity,     4.93 MB ( 96%) used,   211.78 KB (  4%) free+waste,    22.81 KB ( <1%) overhead. 
       Both:     37.62 MB capacity,    36.94 MB ( 98%) used,   618.21 KB (  2%) free+waste,    76.88 KB ( <1%) overhead. 

Virtual space:
  Non-class space:       34.00 MB reserved,      32.67 MB ( 96%) committed 
      Class space:      248.00 MB reserved,       5.25 MB (  2%) committed 
             Both:      282.00 MB reserved,      37.92 MB ( 13%) committed 

Chunk freelists:
   Non-Class:  20.00 KB
       Class:  1.00 KB
        Both:  21.00 KB

MaxMetaspaceSize: 256.00 MB
CompressedClassSpaceSize: 248.00 MB

CodeHeap 'non-profiled nmethods': size=120000Kb used=1816Kb max_used=1816Kb free=118184Kb
 bounds [0x000001b242180000, 0x000001b2423f0000, 0x000001b2496b0000]
CodeHeap 'profiled nmethods': size=120000Kb used=7468Kb max_used=7468Kb free=112531Kb
 bounds [0x000001b23ac50000, 0x000001b23b3a0000, 0x000001b242180000]
CodeHeap 'non-nmethods': size=5760Kb used=2324Kb max_used=2380Kb free=3435Kb
 bounds [0x000001b23a6b0000, 0x000001b23a920000, 0x000001b23ac50000]
 total_blobs=4633 nmethods=3834 adapters=710
 compilation: enabled
              stopped_count=0, restarted_count=0
 full_count=0

Compilation events (20 events):
Event: 8.646 Thread 0x000001b24d5bbda0 3756       3       java.lang.reflect.Modifier::isSynthetic (14 bytes)
Event: 8.646 Thread 0x000001b24d5bbda0 nmethod 3756 0x000001b23b35a710 code [0x000001b23b35a8a0, 0x000001b23b35a9d8]
Event: 8.647 Thread 0x000001b24d5bbda0 3757       3       java.lang.String::replace (42 bytes)
Event: 8.647 Thread 0x000001b24d5bbda0 nmethod 3757 0x000001b23b35aa90 code [0x000001b23b35ac60, 0x000001b23b35af78]
Event: 8.647 Thread 0x000001b24d5bbda0 3758       3       org.gradle.internal.reflect.JavaPropertyReflectionUtil::hasTypeVariable (267 bytes)
Event: 8.649 Thread 0x000001b24d5bbda0 nmethod 3758 0x000001b23b35b090 code [0x000001b23b35b480, 0x000001b23b35da48]
Event: 8.649 Thread 0x000001b24d5bbda0 3760       3       com.google.common.collect.AbstractMapEntry::<init> (5 bytes)
Event: 8.649 Thread 0x000001b24d5bbda0 nmethod 3760 0x000001b23b35e110 code [0x000001b23b35e2a0, 0x000001b23b35e3f8]
Event: 8.649 Thread 0x000001b24d5bbda0 3762       3       org.gradle.internal.instantiation.generator.AsmBackedClassGenerator$ClassBuilderImpl::applyConventionMappingToGetter (480 bytes)
Event: 8.652 Thread 0x000001b24d5bbda0 nmethod 3762 0x000001b23b35e490 code [0x000001b23b35ea60, 0x000001b23b3617e8]
Event: 8.652 Thread 0x000001b24d5bbda0 3763       3       org.gradle.internal.instantiation.generator.AsmBackedClassGenerator$ClassBuilderImpl::maybeBox (49 bytes)
Event: 8.652 Thread 0x000001b24d5bbda0 nmethod 3763 0x000001b23b362890 code [0x000001b23b362aa0, 0x000001b23b3630a8]
Event: 8.652 Thread 0x000001b24d5bbda0 3761       1       com.google.common.collect.LinkedHashMultimap$ValueEntry::getSuccessorInValueSet (5 bytes)
Event: 8.652 Thread 0x000001b24d5bbda0 nmethod 3761 0x000001b242342110 code [0x000001b2423422a0, 0x000001b242342358]
Event: 8.654 Thread 0x000001b24d5bbda0 3764       3       java.lang.invoke.LambdaFormEditor$TransformKey::inRange (36 bytes)
Event: 8.654 Thread 0x000001b24d5bbda0 nmethod 3764 0x000001b23b363310 code [0x000001b23b3634a0, 0x000001b23b3635f8]
Event: 8.654 Thread 0x000001b24d5bbda0 3765       1       java.lang.reflect.AccessibleObject::isAccessible (5 bytes)
Event: 8.654 Thread 0x000001b24d5bbda0 nmethod 3765 0x000001b242342410 code [0x000001b2423425a0, 0x000001b242342658]
Event: 8.657 Thread 0x000001b24d5bbda0 3766       3       java.lang.Class::getDeclaredConstructors (27 bytes)
Event: 8.658 Thread 0x000001b24d5bbda0 nmethod 3766 0x000001b23b363690 code [0x000001b23b363880, 0x000001b23b363b98]

GC Heap History (10 events):
Event: 1.081 GC heap before
{Heap before GC invocations=0 (full 0):
 garbage-first heap   total 262144K, used 18432K [0x00000000e0000000, 0x0000000100000000)
  region size 1024K, 13 young (13312K), 0 survivors (0K)
 Metaspace       used 1697K, capacity 5209K, committed 5376K, reserved 262144K
  class space    used 169K, capacity 499K, committed 512K, reserved 253952K
}
Event: 1.086 GC heap after
{Heap after GC invocations=1 (full 0):
 garbage-first heap   total 262144K, used 7648K [0x00000000e0000000, 0x0000000100000000)
  region size 1024K, 2 young (2048K), 2 survivors (2048K)
 Metaspace       used 1697K, capacity 5209K, committed 5376K, reserved 262144K
  class space    used 169K, capacity 499K, committed 512K, reserved 253952K
}
Event: 1.698 GC heap before
{Heap before GC invocations=1 (full 0):
 garbage-first heap   total 262144K, used 20960K [0x00000000e0000000, 0x0000000100000000)
  region size 1024K, 15 young (15360K), 2 survivors (2048K)
 Metaspace       used 3966K, capacity 6543K, committed 6656K, reserved 262144K
  class space    used 488K, capacity 729K, committed 768K, reserved 253952K
}
Event: 1.702 GC heap after
{Heap after GC invocations=2 (full 0):
 garbage-first heap   total 262144K, used 8793K [0x00000000e0000000, 0x0000000100000000)
  region size 1024K, 2 young (2048K), 2 survivors (2048K)
 Metaspace       used 3966K, capacity 6543K, committed 6656K, reserved 262144K
  class space    used 488K, capacity 729K, committed 768K, reserved 253952K
}
Event: 2.283 GC heap before
{Heap before GC invocations=2 (full 0):
 garbage-first heap   total 262144K, used 32345K [0x00000000e0000000, 0x0000000100000000)
  region size 1024K, 26 young (26624K), 2 survivors (2048K)
 Metaspace       used 4110K, capacity 6607K, committed 6656K, reserved 262144K
  class space    used 494K, capacity 729K, committed 768K, reserved 253952K
}
Event: 2.287 GC heap after
{Heap after GC invocations=3 (full 0):
 garbage-first heap   total 262144K, used 13168K [0x00000000e0000000, 0x0000000100000000)
  region size 1024K, 4 young (4096K), 4 survivors (4096K)
 Metaspace       used 4110K, capacity 6607K, committed 6656K, reserved 262144K
  class space    used 494K, capacity 729K, committed 768K, reserved 253952K
}
Event: 5.781 GC heap before
{Heap before GC invocations=3 (full 0):
 garbage-first heap   total 262144K, used 103280K [0x00000000e0000000, 0x0000000100000000)
  region size 1024K, 93 young (95232K), 4 survivors (4096K)
 Metaspace       used 20715K, capacity 21219K, committed 21296K, reserved 272384K
  class space    used 2999K, capacity 3173K, committed 3200K, reserved 253952K
}
Event: 5.799 GC heap after
{Heap after GC invocations=4 (full 0):
 garbage-first heap   total 262144K, used 19015K [0x00000000e0000000, 0x0000000100000000)
  region size 1024K, 10 young (10240K), 10 survivors (10240K)
 Metaspace       used 20715K, capacity 21219K, committed 21296K, reserved 272384K
  class space    used 2999K, capacity 3173K, committed 3200K, reserved 253952K
}
Event: 8.013 GC heap before
{Heap before GC invocations=5 (full 0):
 garbage-first heap   total 262144K, used 100935K [0x00000000e0000000, 0x0000000100000000)
  region size 1024K, 88 young (90112K), 10 survivors (10240K)
 Metaspace       used 35235K, capacity 35809K, committed 35888K, reserved 286720K
  class space    used 4731K, capacity 4933K, committed 4992K, reserved 253952K
}
Event: 8.037 GC heap after
{Heap after GC invocations=6 (full 0):
 garbage-first heap   total 262144K, used 25734K [0x00000000e0000000, 0x0000000100000000)
  region size 1024K, 17 young (17408K), 17 survivors (17408K)
 Metaspace       used 35235K, capacity 35809K, committed 35888K, reserved 286720K
  class space    used 4731K, capacity 4933K, committed 4992K, reserved 253952K
}

Deoptimization events (20 events):
Event: 8.390 Thread 0x000001b24fcbf4f0 Uncommon trap: trap_request=0xffffff45 fr.pc=0x000001b24230f640 relative=0x0000000000000680
Event: 8.390 Thread 0x000001b24fcbf4f0 Uncommon trap: reason=unstable_if action=reinterpret pc=0x000001b24230f640 method=java.util.jar.Manifest$FastInputStream.readLine([BII)I @ 130 c2
Event: 8.390 Thread 0x000001b24fcbf4f0 DEOPT PACKING pc=0x000001b24230f640 sp=0x000000291fef9bb0
Event: 8.390 Thread 0x000001b24fcbf4f0 DEOPT UNPACKING pc=0x000001b23a6fe42f sp=0x000000291fef9b40 mode 2
Event: 8.594 Thread 0x000001b24fcbf4f0 Uncommon trap: trap_request=0xffffff45 fr.pc=0x000001b2422297e4 relative=0x00000000000002a4
Event: 8.594 Thread 0x000001b24fcbf4f0 Uncommon trap: reason=unstable_if action=reinterpret pc=0x000001b2422297e4 method=java.util.StringTokenizer.scanToken(I)I @ 96 c2
Event: 8.594 Thread 0x000001b24fcbf4f0 DEOPT PACKING pc=0x000001b2422297e4 sp=0x000000291fef7af0
Event: 8.594 Thread 0x000001b24fcbf4f0 DEOPT UNPACKING pc=0x000001b23a6fe42f sp=0x000000291fef7a90 mode 2
Event: 8.611 Thread 0x000001b24fcbf4f0 DEOPT PACKING pc=0x000001b23b244d19 sp=0x000000291fef8480
Event: 8.611 Thread 0x000001b24fcbf4f0 DEOPT UNPACKING pc=0x000001b23a6fe23f sp=0x000000291fef7978 mode 0
Event: 8.611 Thread 0x000001b24fcbf4f0 DEOPT PACKING pc=0x000001b23b15dbd6 sp=0x000000291fef8490
Event: 8.611 Thread 0x000001b24fcbf4f0 DEOPT UNPACKING pc=0x000001b23a6fe23f sp=0x000000291fef7980 mode 0
Event: 8.612 Thread 0x000001b24fcbf4f0 DEOPT PACKING pc=0x000001b23b244d19 sp=0x000000291fef8480
Event: 8.612 Thread 0x000001b24fcbf4f0 DEOPT UNPACKING pc=0x000001b23a6fe23f sp=0x000000291fef7978 mode 0
Event: 8.613 Thread 0x000001b24fcbf4f0 DEOPT PACKING pc=0x000001b23b15dbd6 sp=0x000000291fef8490
Event: 8.614 Thread 0x000001b24fcbf4f0 DEOPT UNPACKING pc=0x000001b23a6fe23f sp=0x000000291fef7980 mode 0
Event: 8.615 Thread 0x000001b24fcbf4f0 Uncommon trap: trap_request=0xffffff45 fr.pc=0x000001b24221ada8 relative=0x0000000000000608
Event: 8.615 Thread 0x000001b24fcbf4f0 Uncommon trap: reason=unstable_if action=reinterpret pc=0x000001b24221ada8 method=java.lang.String.replace(CC)Ljava/lang/String; @ 2 c2
Event: 8.615 Thread 0x000001b24fcbf4f0 DEOPT PACKING pc=0x000001b24221ada8 sp=0x000000291fef85a0
Event: 8.615 Thread 0x000001b24fcbf4f0 DEOPT UNPACKING pc=0x000001b23a6fe42f sp=0x000000291fef8550 mode 2

Classes unloaded (0 events):
No events

Classes redefined (0 events):
No events

Internal exceptions (20 events):
Event: 8.001 Thread 0x000001b24fcbf4f0 Exception <a 'java/lang/NoSuchMethodError'{0x00000000eb203028}: 'java.lang.Object java.lang.invoke.DelegatingMethodHandle$Holder.delegate(java.lang.Object, java.lang.Object, java.lang.Object, java.lang.Object, java.lang.Object, java.lang.Object, java.lang.Object, java.lang.Object, java.lang.Object, java.lang.Object, java.lang.Object, java.lang.Object, java.lang.Object, java.lang.Object, java.lang.Object, java.lang.Object, java.lang.Object)'> (0x00000000eb203028) 
thrown [./open/src/hotspot/share/interprete
Event: 8.045 Thread 0x000001b24fcbf4f0 Exception <a 'java/lang/NoSuchMethodError'{0x00000000eff35020}: 'java.lang.Object java.lang.invoke.DirectMethodHandle$Holder.invokeStatic(java.lang.Object, java.lang.Object, java.lang.Object, java.lang.Object, java.lang.Object, java.lang.Object, java.lang.Object, java.lang.Object, java.lang.Object, java.lang.Object, java.lang.Object, java.lang.Object, java.lang.Object, java.lang.Object, java.lang.Object, java.lang.Object, java.lang.Object)'> (0x00000000eff35020) 
thrown [./open/src/hotspot/share/interprete
Event: 8.047 Thread 0x000001b24fcbf4f0 Exception <a 'java/lang/NoSuchMethodError'{0x00000000eff5bd58}: 'java.lang.Object java.lang.invoke.DirectMethodHandle$Holder.invokeStatic(java.lang.Object, java.lang.Object, java.lang.Object, java.lang.Object, java.lang.Object, java.lang.Object, java.lang.Object, java.lang.Object, java.lang.Object, java.lang.Object, java.lang.Object, java.lang.Object, java.lang.Object, java.lang.Object, java.lang.Object, java.lang.Object, java.lang.Object, java.lang.Object)'> (0x00000000eff5bd58) 
thrown [./open/src/hotspo
Event: 8.049 Thread 0x000001b24fcbf4f0 Exception <a 'java/lang/NoSuchMethodError'{0x00000000effab240}: 'java.lang.Object java.lang.invoke.DirectMethodHandle$Holder.invokeStatic(java.lang.Object, java.lang.Object, java.lang.Object, java.lang.Object, java.lang.Object, java.lang.Object, java.lang.Object, java.lang.Object, java.lang.Object, java.lang.Object, java.lang.Object, java.lang.Object, java.lang.Object, java.lang.Object, java.lang.Object, java.lang.Object, java.lang.Object, java.lang.Object, java.lang.Object)'> (0x00000000effab240) 
thrown 
Event: 8.051 Thread 0x000001b24fcbf4f0 Exception <a 'java/lang/NoSuchMethodError'{0x00000000effd54c0}: 'java.lang.Object java.lang.invoke.DirectMethodHandle$Holder.invokeStatic(java.lang.Object, java.lang.Object, java.lang.Object, java.lang.Object, java.lang.Object, java.lang.Object, java.lang.Object, java.lang.Object, java.lang.Object, java.lang.Object, java.lang.Object, java.lang.Object, java.lang.Object, java.lang.Object, java.lang.Object, java.lang.Object, java.lang.Object, java.lang.Object, java.lang.Object, java.lang.Object)'> (0x00000000
Event: 8.532 Thread 0x000001b24fcbf4f0 Exception <a 'java/lang/ClassNotFoundException'{0x00000000eec75b98}: org/gradle/api/internal/project/DefaultProject_DecoratedBeanInfo> (0x00000000eec75b98) 
thrown [./open/src/hotspot/share/classfile/systemDictionary.cpp, line 295]
Event: 8.533 Thread 0x000001b24fcbf4f0 Exception <a 'java/lang/ClassNotFoundException'{0x00000000eec85580}: org/gradle/api/internal/project/DefaultProjectBeanInfo> (0x00000000eec85580) 
thrown [./open/src/hotspot/share/classfile/systemDictionary.cpp, line 295]
Event: 8.533 Thread 0x000001b24fcbf4f0 Exception <a 'java/lang/ClassNotFoundException'{0x00000000eec94f90}: org/gradle/api/internal/project/DefaultProjectCustomizer> (0x00000000eec94f90) 
thrown [./open/src/hotspot/share/classfile/systemDictionary.cpp, line 295]
Event: 8.540 Thread 0x000001b24fcbf4f0 Exception <a 'java/lang/ClassNotFoundException'{0x00000000eeb2fa00}: org/gradle/api/internal/project/DefaultProject_DecoratedCustomizer> (0x00000000eeb2fa00) 
thrown [./open/src/hotspot/share/classfile/systemDictionary.cpp, line 295]
Event: 8.581 Thread 0x000001b24fcbf4f0 Exception <a 'java/lang/IncompatibleClassChangeError'{0x00000000eeab4178}: Found class java.lang.Object, but interface was expected> (0x00000000eeab4178) 
thrown [./open/src/hotspot/share/interpreter/linkResolver.cpp, line 848]
Event: 8.621 Thread 0x000001b24fcbf4f0 Exception <a 'java/lang/ClassNotFoundException'{0x00000000ee859b90}: org/gradle/api/internal/project/DefaultAntBuilderBeanInfo> (0x00000000ee859b90) 
thrown [./open/src/hotspot/share/classfile/systemDictionary.cpp, line 295]
Event: 8.622 Thread 0x000001b24fcbf4f0 Exception <a 'java/lang/ClassNotFoundException'{0x00000000ee86a980}: org/gradle/api/internal/project/ant/BasicAntBuilderBeanInfo> (0x00000000ee86a980) 
thrown [./open/src/hotspot/share/classfile/systemDictionary.cpp, line 295]
Event: 8.622 Thread 0x000001b24fcbf4f0 Exception <a 'java/lang/ClassNotFoundException'{0x00000000ee87c388}: org/gradle/api/AntBuilderBeanInfo> (0x00000000ee87c388) 
thrown [./open/src/hotspot/share/classfile/systemDictionary.cpp, line 295]
Event: 8.623 Thread 0x000001b24fcbf4f0 Exception <a 'java/lang/ClassNotFoundException'{0x00000000ee88d998}: groovy/util/AntBuilderBeanInfo> (0x00000000ee88d998) 
thrown [./open/src/hotspot/share/classfile/systemDictionary.cpp, line 295]
Event: 8.624 Thread 0x000001b24fcbf4f0 Exception <a 'java/lang/ClassNotFoundException'{0x00000000ee89f078}: groovy/util/BuilderSupportBeanInfo> (0x00000000ee89f078) 
thrown [./open/src/hotspot/share/classfile/systemDictionary.cpp, line 295]
Event: 8.624 Thread 0x000001b24fcbf4f0 Exception <a 'java/lang/ClassNotFoundException'{0x00000000ee8b0758}: groovy/util/BuilderSupportCustomizer> (0x00000000ee8b0758) 
thrown [./open/src/hotspot/share/classfile/systemDictionary.cpp, line 295]
Event: 8.625 Thread 0x000001b24fcbf4f0 Exception <a 'java/lang/ClassNotFoundException'{0x00000000ee8c4470}: groovy/util/AntBuilderCustomizer> (0x00000000ee8c4470) 
thrown [./open/src/hotspot/share/classfile/systemDictionary.cpp, line 295]
Event: 8.626 Thread 0x000001b24fcbf4f0 Exception <a 'java/lang/ClassNotFoundException'{0x00000000ee8da218}: org/gradle/api/AntBuilderCustomizer> (0x00000000ee8da218) 
thrown [./open/src/hotspot/share/classfile/systemDictionary.cpp, line 295]
Event: 8.627 Thread 0x000001b24fcbf4f0 Exception <a 'java/lang/ClassNotFoundException'{0x00000000ee8f3e48}: org/gradle/api/internal/project/ant/BasicAntBuilderCustomizer> (0x00000000ee8f3e48) 
thrown [./open/src/hotspot/share/classfile/systemDictionary.cpp, line 295]
Event: 8.629 Thread 0x000001b24fcbf4f0 Exception <a 'java/lang/ClassNotFoundException'{0x00000000ee713e18}: org/gradle/api/internal/project/DefaultAntBuilderCustomizer> (0x00000000ee713e18) 
thrown [./open/src/hotspot/share/classfile/systemDictionary.cpp, line 295]

Events (20 events):
Event: 8.662 loading class javax/management/MBeanFeatureInfo done
Event: 8.662 loading class javax/management/MBeanNotificationInfo done
Event: 8.662 loading class javax/management/MBeanInfo
Event: 8.662 loading class javax/management/MBeanInfo done
Event: 8.663 loading class javax/management/MBeanAttributeInfo
Event: 8.663 loading class javax/management/MBeanAttributeInfo done
Event: 8.663 loading class javax/management/NotificationBroadcasterSupport
Event: 8.663 loading class javax/management/NotificationBroadcasterSupport done
Event: 8.663 loading class javax/management/NotificationBroadcasterSupport$1
Event: 8.664 loading class javax/management/NotificationBroadcasterSupport$1 done
Event: 8.664 loading class com/sun/jmx/remote/util/ClassLogger
Event: 8.664 loading class com/sun/jmx/remote/util/ClassLogger done
Event: 8.664 loading class jdk/internal/logger/LazyLoggers
Event: 8.665 loading class jdk/internal/logger/LazyLoggers done
Event: 8.665 loading class jdk/internal/logger/LazyLoggers$1
Event: 8.665 loading class jdk/internal/logger/LazyLoggers$1 done
Event: 8.665 loading class jdk/internal/logger/LazyLoggers$LazyLoggerFactories
Event: 8.665 loading class jdk/internal/logger/LazyLoggers$LazyLoggerFactories done
Event: 8.667 loading class jdk/internal/logger/LoggerFinderLoader
Event: 8.668 loading class jdk/internal/logger/LoggerFinderLoader done


Dynamic libraries:
0x00007ff6206d0000 - 0x00007ff6206dd000 	C:\Users\Nadya\.jdks\openjdk-15.0.1-2\bin\java.exe
0x00007ff915bf0000 - 0x00007ff915de6000 	C:\Windows\SYSTEM32\ntdll.dll
0x00007ff915a80000 - 0x00007ff915b3d000 	C:\Windows\System32\KERNEL32.DLL
0x00007ff9137d0000 - 0x00007ff913a99000 	C:\Windows\System32\KERNELBASE.dll
0x00007ff913670000 - 0x00007ff913770000 	C:\Windows\System32\ucrtbase.dll
0x00007ff90b990000 - 0x00007ff90b9a8000 	C:\Users\Nadya\.jdks\openjdk-15.0.1-2\bin\jli.dll
0x00007ff914ab0000 - 0x00007ff914c50000 	C:\Windows\System32\USER32.dll
0x00007ff913aa0000 - 0x00007ff913ac2000 	C:\Windows\System32\win32u.dll
0x00007ff9080b0000 - 0x00007ff9080c9000 	C:\Users\Nadya\.jdks\openjdk-15.0.1-2\bin\VCRUNTIME140.dll
0x00007ff913f10000 - 0x00007ff913f3a000 	C:\Windows\System32\GDI32.dll
0x00007ff913560000 - 0x00007ff91366b000 	C:\Windows\System32\gdi32full.dll
0x00007ff913ad0000 - 0x00007ff913b6d000 	C:\Windows\System32\msvcp_win.dll
0x00007ff902370000 - 0x00007ff90260b000 	C:\Windows\WinSxS\amd64_microsoft.windows.common-controls_6595b64144ccf1df_6.0.19041.746_none_ca02b4b61b8320a4\COMCTL32.dll
0x00007ff913db0000 - 0x00007ff913e4e000 	C:\Windows\System32\msvcrt.dll
0x00007ff914a20000 - 0x00007ff914a50000 	C:\Windows\System32\IMM32.DLL
0x00007ff90e740000 - 0x00007ff90e74c000 	C:\Users\Nadya\.jdks\openjdk-15.0.1-2\bin\vcruntime140_1.dll
0x00007ff8f00a0000 - 0x00007ff8f0131000 	C:\Users\Nadya\.jdks\openjdk-15.0.1-2\bin\msvcp140.dll
0x00007ff8c79f0000 - 0x00007ff8c854e000 	C:\Users\Nadya\.jdks\openjdk-15.0.1-2\bin\server\jvm.dll
0x00007ff913e60000 - 0x00007ff913f0c000 	C:\Windows\System32\ADVAPI32.dll
0x00007ff914230000 - 0x00007ff9142cc000 	C:\Windows\System32\sechost.dll
0x00007ff914f80000 - 0x00007ff9150ab000 	C:\Windows\System32\RPCRT4.dll
0x00007ff914f10000 - 0x00007ff914f18000 	C:\Windows\System32\PSAPI.DLL
0x00007ff908f40000 - 0x00007ff908f67000 	C:\Windows\SYSTEM32\WINMM.dll
0x00007ff90cda0000 - 0x00007ff90cdaa000 	C:\Windows\SYSTEM32\VERSION.dll
0x00007ff900280000 - 0x00007ff900289000 	C:\Windows\SYSTEM32\WSOCK32.dll
0x00007ff915b40000 - 0x00007ff915bab000 	C:\Windows\System32\ws2_32.DLL
0x00007ff911c40000 - 0x00007ff911c52000 	C:\Windows\SYSTEM32\kernel.appcore.dll
0x00007ff90ce80000 - 0x00007ff90ce8a000 	C:\Users\Nadya\.jdks\openjdk-15.0.1-2\bin\jimage.dll
0x00007ff911920000 - 0x00007ff911b04000 	C:\Windows\SYSTEM32\DBGHELP.DLL
0x00007ff8fc280000 - 0x00007ff8fc2ac000 	C:\Windows\SYSTEM32\dbgcore.DLL
0x00007ff913380000 - 0x00007ff913400000 	C:\Windows\System32\bcryptPrimitives.dll
0x00007ff8f7db0000 - 0x00007ff8f7dd5000 	C:\Users\Nadya\.jdks\openjdk-15.0.1-2\bin\java.dll
0x00007ff9142d0000 - 0x00007ff914a13000 	C:\Windows\System32\SHELL32.dll
0x00007ff9110c0000 - 0x00007ff91184f000 	C:\Windows\SYSTEM32\windows.storage.dll
0x00007ff915520000 - 0x00007ff915876000 	C:\Windows\System32\combase.dll
0x00007ff912d90000 - 0x00007ff912dbc000 	C:\Windows\SYSTEM32\Wldp.dll
0x00007ff914e60000 - 0x00007ff914f0e000 	C:\Windows\System32\SHCORE.dll
0x00007ff914e00000 - 0x00007ff914e55000 	C:\Windows\System32\shlwapi.dll
0x00007ff913260000 - 0x00007ff913286000 	C:\Windows\SYSTEM32\profapi.dll
0x00007ff902ad0000 - 0x00007ff902ae9000 	C:\Users\Nadya\.jdks\openjdk-15.0.1-2\bin\net.dll
0x00007ff902e20000 - 0x00007ff902f20000 	C:\Windows\SYSTEM32\WINHTTP.dll
0x00007ff912b10000 - 0x00007ff912b7a000 	C:\Windows\system32\mswsock.dll
0x00007ff8f7f40000 - 0x00007ff8f7f52000 	C:\Users\Nadya\.jdks\openjdk-15.0.1-2\bin\nio.dll
0x00007ff8f7970000 - 0x00007ff8f7988000 	C:\Users\Nadya\.jdks\openjdk-15.0.1-2\bin\zip.dll
0x00007ff90ba80000 - 0x00007ff90ba90000 	C:\Users\Nadya\.jdks\openjdk-15.0.1-2\bin\verify.dll
0x00007ff8f7990000 - 0x00007ff8f79b6000 	C:\Users\Nadya\.gradle\native\fdc75f09e3144964f2cf3f50f0aa648679c211496f362492102eb8c894070792\windows-amd64\native-platform.dll
0x00007ff8f7480000 - 0x00007ff8f7611000 	C:\Users\Nadya\.gradle\native\12488b8bf47d2d4c9fbf2f6322a914ad602e24e48041cd04a747c6da556b65c4\windows-amd64\native-platform-file-events.dll
0x00007ff90b8f0000 - 0x00007ff90b8f9000 	C:\Users\Nadya\.jdks\openjdk-15.0.1-2\bin\management.dll
0x00007ff902090000 - 0x00007ff90209b000 	C:\Users\Nadya\.jdks\openjdk-15.0.1-2\bin\management_ext.dll
0x00007ff912ce0000 - 0x00007ff912cf8000 	C:\Windows\SYSTEM32\CRYPTSP.dll
0x00007ff912440000 - 0x00007ff912474000 	C:\Windows\system32\rsaenh.dll
0x00007ff913b70000 - 0x00007ff913b97000 	C:\Windows\System32\bcrypt.dll
0x00007ff9131e0000 - 0x00007ff91320e000 	C:\Windows\SYSTEM32\USERENV.dll
0x00007ff912d00000 - 0x00007ff912d0c000 	C:\Windows\SYSTEM32\CRYPTBASE.dll
0x00007ff9127b0000 - 0x00007ff9127eb000 	C:\Windows\SYSTEM32\IPHLPAPI.DLL
0x00007ff913c50000 - 0x00007ff913c58000 	C:\Windows\System32\NSI.dll
0x00007ff909cb0000 - 0x00007ff909cc7000 	C:\Windows\SYSTEM32\dhcpcsvc6.DLL
0x00007ff90ad70000 - 0x00007ff90ad8d000 	C:\Windows\SYSTEM32\dhcpcsvc.DLL
0x00007ff9127f0000 - 0x00007ff9128bb000 	C:\Windows\SYSTEM32\DNSAPI.dll
0x00007ff90cd70000 - 0x00007ff90cd7b000 	C:\Windows\SYSTEM32\WINNSI.DLL

dbghelp: loaded successfully - version: 4.0.5 - missing functions: none
symbol engine: initialized successfully - sym options: 0x614 - pdb path: .;C:\Users\Nadya\.jdks\openjdk-15.0.1-2\bin;C:\Windows\SYSTEM32;C:\Windows\WinSxS\amd64_microsoft.windows.common-controls_6595b64144ccf1df_6.0.19041.746_none_ca02b4b61b8320a4;C:\Users\Nadya\.jdks\openjdk-15.0.1-2\bin\server;C:\Users\Nadya\.gradle\native\fdc75f09e3144964f2cf3f50f0aa648679c211496f362492102eb8c894070792\windows-amd64;C:\Users\Nadya\.gradle\native\12488b8bf47d2d4c9fbf2f6322a914ad602e24e48041cd04a747c6da556b65c4\windows-amd64

VM Arguments:
jvm_args: --add-opens=java.base/java.util=ALL-UNNAMED --add-opens=java.base/java.lang=ALL-UNNAMED --add-opens=java.base/java.lang.invoke=ALL-UNNAMED --add-opens=java.prefs/java.util.prefs=ALL-UNNAMED -XX:MaxMetaspaceSize=256m -XX:+HeapDumpOnOutOfMemoryError -Xms256m -Xmx512m -Dfile.encoding=windows-1251 -Duser.country=RU -Duser.language=ru -Duser.variant 
java_command: org.gradle.launcher.daemon.bootstrap.GradleDaemon 6.7
java_class_path (initial): C:\Users\Nadya\.gradle\wrapper\dists\gradle-6.7-bin\efvqh8uyq79v2n7rcncuhu9sv\gradle-6.7\lib\gradle-launcher-6.7.jar
Launcher Type: SUN_STANDARD

[Global flags]
     intx CICompilerCount                          = 3                                         {product} {ergonomic}
   size_t CompressedClassSpaceSize                 = 260046848                                 {product} {ergonomic}
     uint ConcGCThreads                            = 1                                         {product} {ergonomic}
     uint G1ConcRefinementThreads                  = 4                                         {product} {ergonomic}
   size_t G1HeapRegionSize                         = 1048576                                   {product} {ergonomic}
    uintx GCDrainStackTargetSize                   = 64                                        {product} {ergonomic}
     bool HeapDumpOnOutOfMemoryError               = true                                   {manageable} {command line}
   size_t InitialHeapSize                          = 268435456                                 {product} {command line}
   size_t MarkStackSize                            = 4194304                                   {product} {ergonomic}
   size_t MaxHeapSize                              = 536870912                                 {product} {command line}
   size_t MaxMetaspaceSize                         = 268435456                                 {product} {command line}
   size_t MaxNewSize                               = 321912832                                 {product} {ergonomic}
   size_t MinHeapDeltaBytes                        = 1048576                                   {product} {ergonomic}
   size_t MinHeapSize                              = 268435456                                 {product} {command line}
    uintx NonNMethodCodeHeapSize                   = 5832780                                {pd product} {ergonomic}
    uintx NonProfiledCodeHeapSize                  = 122912730                              {pd product} {ergonomic}
    uintx ProfiledCodeHeapSize                     = 122912730                              {pd product} {ergonomic}
    uintx ReservedCodeCacheSize                    = 251658240                              {pd product} {ergonomic}
     bool SegmentedCodeCache                       = true                                      {product} {ergonomic}
   size_t SoftMaxHeapSize                          = 536870912                              {manageable} {ergonomic}
     bool UseCompressedClassPointers               = true                                 {lp64_product} {ergonomic}
     bool UseCompressedOops                        = true                                 {lp64_product} {ergonomic}
     bool UseG1GC                                  = true                                      {product} {ergonomic}
     bool UseLargePagesIndividualAllocation        = false                                  {pd product} {ergonomic}

Logging:
Log output configuration:
 #0: stdout all=warning uptime,level,tags
 #1: stderr all=off uptime,level,tags

Environment Variables:
PATH=C:\Program Files (x86)\Common Files\Oracle\Java\javapath;C:\ProgramData\Oracle\Java\javapath;C:\Windows\system32;C:\Windows;C:\Windows\System32\Wbem;C:\Windows\System32\WindowsPowerShell\v1.0\;C:\Windows\System32\OpenSSH\;C:\Program Files\Git\cmd;C:\Users\Nadya\AppData\Local\Microsoft\WindowsApps;C:\Program Files\JetBrains2\IntelliJ IDEA Community Edition 2020.2.3\bin;;C:\Gradle\gradle-6.8\bin;
USERNAME=Nadya
OS=Windows_NT
PROCESSOR_IDENTIFIER=Intel64 Family 6 Model 78 Stepping 3, GenuineIntel



---------------  S Y S T E M  ---------------

OS:
 Windows 10 , 64 bit Build 19041 (10.0.19041.662)
OS uptime: 0 days 5:30 hours

CPU: total 4 (initial active 4) (2 cores per cpu, 2 threads per core) family 6 model 78 stepping 3 microcode 0xcc, cmov, cx8, fxsr, mmx, sse, sse2, sse3, ssse3, sse4.1, sse4.2, popcnt, vzeroupper, avx, avx2, aes, clmul, erms, 3dnowpref, lzcnt, ht, tsc, tscinvbit, bmi1, bmi2, adx, fma, clflush, clflushopt

Memory: 4k page, system-wide physical 3512M (90M free)
TotalPageFile size 5560M (AvailPageFile size 5M)
current process WorkingSet (physical memory assigned to process): 240M, peak: 240M
current process commit charge ("private bytes"): 441M, peak: 442M

vm_info: OpenJDK 64-Bit Server VM (15.0.1+9-18) for windows-amd64 JRE (15.0.1+9-18), built on Sep 15 2020 14:39:31 by "mach5one" with unknown MS VC++:1925

END.
